#
# There is insufficient memory for the Java Runtime Environment to continue.
# Native memory allocation (mmap) failed to map 137363456 bytes for committing reserved memory.
# Possible reasons:
#   The system is out of physical RAM or swap space
#   The process is running with CompressedOops enabled, and the Java Heap may be blocking the growth of the native heap
# Possible solutions:
#   Reduce memory load on the system
#   Increase physical memory or swap space
#   Check if swap backing store is full
#   Decrease Java heap size (-Xmx/-Xms)
#   Decrease number of Java threads
#   Decrease Java thread stack sizes (-Xss)
#   Set larger code cache with -XX:ReservedCodeCacheSize=
#   JVM is running with Unscaled Compressed Oops mode in which the Java heap is
#     placed in the first 4GB address space. The Java Heap base address is the
#     maximum limit for the native heap growth. Please use -XX:HeapBaseMinAddress
#     to set the Java Heap base and to place the Java Heap above 4GB virtual address.
# This output file may be truncated or incomplete.
#
#  Out of Memory Error (os_linux.cpp:2749), pid=28981, tid=0x00007f227e44f700
#
# JRE version: Java(TM) SE Runtime Environment (8.0_201-b09) (build 1.8.0_201-b09)
# Java VM: Java HotSpot(TM) 64-Bit Server VM (25.201-b09 mixed mode linux-amd64 compressed oops)
# Failed to write core dump. Core dumps have been disabled. To enable core dumping, try "ulimit -c unlimited" before starting Java again
#

---------------  T H R E A D  ---------------

Current thread (0x00007f2298079800):  VMThread [stack: 0x00007f227e350000,0x00007f227e450000] [id=28989]

Stack: [0x00007f227e350000,0x00007f227e450000],  sp=0x00007f227e44e3c0,  free space=1016k
Native frames: (J=compiled Java code, j=interpreted, Vv=VM code, C=native code)
V  [libjvm.so+0xad3525]  VMError::report_and_die()+0x2e5
V  [libjvm.so+0x4e0457]  report_vm_out_of_memory(char const*, int, unsigned long, VMErrorType, char const*)+0x67
V  [libjvm.so+0x9102f0]  os::pd_commit_memory(char*, unsigned long, unsigned long, bool)+0x100
V  [libjvm.so+0x90791f]  os::commit_memory(char*, unsigned long, unsigned long, bool)+0x1f
V  [libjvm.so+0x98c806]  PSVirtualSpace::expand_by(unsigned long)+0x56
V  [libjvm.so+0x98da98]  PSYoungGen::resize(unsigned long, unsigned long)+0xd8
V  [libjvm.so+0x98a236]  PSScavenge::invoke_no_policy()+0x1376
V  [libjvm.so+0x982c59]  PSParallelCompact::invoke(bool)+0x49
V  [libjvm.so+0x45cb73]  CollectedHeap::collect_as_vm_thread(GCCause::Cause)+0x153
V  [libjvm.so+0xad45b1]  VM_CollectForMetadataAllocation::doit()+0x161
V  [libjvm.so+0xada296]  VM_Operation::evaluate()+0x46
V  [libjvm.so+0xad85cd]  VMThread::evaluate_operation(VM_Operation*) [clone .constprop.44]+0xcd
V  [libjvm.so+0xad8bb3]  VMThread::loop()+0x3a3
V  [libjvm.so+0xad8f88]  VMThread::run()+0x78
V  [libjvm.so+0x90d922]  java_start(Thread*)+0x102

VM_Operation (0x00007f229ed54bd0): CollectForMetadataAllocation, mode: safepoint, requested by thread 0x00007f229800b800


---------------  P R O C E S S  ---------------

Java Threads: ( => current thread )
  0x00007f2298729800 JavaThread "process reaper" daemon [_thread_blocked, id=29000, stack(0x00007f227cca5000,0x00007f227ccde000)]
  0x00007f22980d2000 JavaThread "Service Thread" daemon [_thread_blocked, id=28996, stack(0x00007f227d279000,0x00007f227d37a000)]
  0x00007f22980bf000 JavaThread "C1 CompilerThread2" daemon [_thread_blocked, id=28995, stack(0x00007f227d37b000,0x00007f227d47b000)]
  0x00007f22980bd000 JavaThread "C2 CompilerThread1" daemon [_thread_blocked, id=28994, stack(0x00007f227d47c000,0x00007f227d57c000)]
  0x00007f22980ba000 JavaThread "C2 CompilerThread0" daemon [_thread_blocked, id=28993, stack(0x00007f227d57d000,0x00007f227d67d000)]
  0x00007f22980b8800 JavaThread "Signal Dispatcher" daemon [_thread_blocked, id=28992, stack(0x00007f227d67d000,0x00007f227d77e000)]
  0x00007f2298085800 JavaThread "Finalizer" daemon [_thread_blocked, id=28991, stack(0x00007f227e14d000,0x00007f227e24e000)]
  0x00007f2298083000 JavaThread "Reference Handler" daemon [_thread_blocked, id=28990, stack(0x00007f227e24e000,0x00007f227e34f000)]
  0x00007f229800b800 JavaThread "main" [_thread_blocked, id=28984, stack(0x00007f229ec58000,0x00007f229ed58000)]

Other Threads:
=>0x00007f2298079800 VMThread [stack: 0x00007f227e350000,0x00007f227e450000] [id=28989]
  0x00007f22980d4800 WatcherThread [stack: 0x00007f227d179000,0x00007f227d279000] [id=28997]

VM state:at safepoint (normal execution)

VM Mutex/Monitor currently owned by a thread:  ([mutex/lock_event])
[0x00007f2298007ce0] Threads_lock - owner thread: 0x00007f2298079800
[0x00007f22980081e0] Heap_lock - owner thread: 0x00007f229800b800
[0x00007f2298008760] MethodData_lock - owner thread: 0x00007f229800b800

heap address: 0x0000000087000000, size: 1936 MB, Compressed Oops mode: 32-bit
Narrow klass base: 0x0000000000000000, Narrow klass shift: 3
Compressed class space size: 1073741824 Address: 0x0000000100000000

Heap:
 PSYoungGen      total 134144K, used 9719K [0x00000000d7b00000, 0x00000000e0800000, 0x0000000100000000)
  eden space 124416K, 0% used [0x00000000d7b00000,0x00000000d7b00000,0x00000000df480000)
  from space 9728K, 99% used [0x00000000df480000,0x00000000dfdfdcf8,0x00000000dfe00000)
  to   space 9216K, 0% used [0x00000000dfe00000,0x00000000dfe00000,0x00000000e0700000)
 ParOldGen       total 83456K, used 14771K [0x0000000087000000, 0x000000008c180000, 0x00000000d7b00000)
  object space 83456K, 17% used [0x0000000087000000,0x0000000087e6cc78,0x000000008c180000)
 Metaspace       used 20548K, capacity 21088K, committed 21296K, reserved 1069056K
  class space    used 2432K, capacity 2574K, committed 2688K, reserved 1048576K

Card table byte_map: [0x00007f2288449000,0x00007f2288812000] byte_map_base: 0x00007f2288011000

Marking Bits: (ParMarkBitMap*) 0x00007f229e101d80
 Begin Bits: [0x00007f2284240000, 0x00007f2286080000)
 End Bits:   [0x00007f2286080000, 0x00007f2287ec0000)

Polling page: 0x00007f229ed6f000

CodeCache: size=245760Kb used=12295Kb max_used=12306Kb free=233464Kb
 bounds [0x00007f2288bd2000, 0x00007f22897e2000, 0x00007f2297bd2000]
 total_blobs=3958 nmethods=3582 adapters=289
 compilation: enabled

Compilation events (10 events):
Event: 4.663 Thread 0x00007f22980bf000 nmethod 3598 0x00007f22897d8310 code [0x00007f22897d84e0, 0x00007f22897d8d48]
Event: 4.663 Thread 0x00007f22980bf000 3600       3       com.sun.tools.javac.tree.TreeScanner::visitModifiers (9 bytes)
Event: 4.664 Thread 0x00007f22980bf000 nmethod 3600 0x00007f22897d9150 code [0x00007f22897d9300, 0x00007f22897d9928]
Event: 4.664 Thread 0x00007f22980bf000 3597       3       com.sun.tools.javac.code.Types::checkUnsafeVarargsConversion (137 bytes)
Event: 4.664 Thread 0x00007f22980bd000 3606       4       com.sun.tools.javac.util.Assert::check (8 bytes)
Event: 4.664 Thread 0x00007f22980bd000 nmethod 3606 0x00007f22897cef50 code [0x00007f22897cf0a0, 0x00007f22897cf0f8]
Event: 4.664 Thread 0x00007f22980bd000 3594       4       com.sun.tools.javac.tree.TreeScanner::scan (10 bytes)
Event: 4.665 Thread 0x00007f22980bd000 nmethod 3594 0x00007f22897dafd0 code [0x00007f22897db120, 0x00007f22897db1b8]
Event: 4.665 Thread 0x00007f22980bd000 3604       4       java.lang.Boolean::valueOf (14 bytes)
Event: 4.665 Thread 0x00007f22980bd000 nmethod 3604 0x00007f22897724d0 code [0x00007f2289772620, 0x00007f2289772678]

GC Heap History (10 events):
Event: 1.892 GC heap after
Heap after GC invocations=2 (full 0):
 PSYoungGen      total 36352K, used 5107K [0x00000000d7b00000, 0x00000000da380000, 0x0000000100000000)
  eden space 31232K, 0% used [0x00000000d7b00000,0x00000000d7b00000,0x00000000d9980000)
  from space 5120K, 99% used [0x00000000d9e80000,0x00000000da37cea0,0x00000000da380000)
  to   space 5120K, 0% used [0x00000000d9980000,0x00000000d9980000,0x00000000d9e80000)
 ParOldGen       total 83456K, used 1463K [0x0000000087000000, 0x000000008c180000, 0x00000000d7b00000)
  object space 83456K, 1% used [0x0000000087000000,0x000000008716dcb0,0x000000008c180000)
 Metaspace       used 12722K, capacity 13122K, committed 13312K, reserved 1060864K
  class space    used 1563K, capacity 1692K, committed 1792K, reserved 1048576K
}
Event: 2.239 GC heap before
{Heap before GC invocations=3 (full 0):
 PSYoungGen      total 36352K, used 36339K [0x00000000d7b00000, 0x00000000da380000, 0x0000000100000000)
  eden space 31232K, 100% used [0x00000000d7b00000,0x00000000d9980000,0x00000000d9980000)
  from space 5120K, 99% used [0x00000000d9e80000,0x00000000da37cea0,0x00000000da380000)
  to   space 5120K, 0% used [0x00000000d9980000,0x00000000d9980000,0x00000000d9e80000)
 ParOldGen       total 83456K, used 1463K [0x0000000087000000, 0x000000008c180000, 0x00000000d7b00000)
  object space 83456K, 1% used [0x0000000087000000,0x000000008716dcb0,0x000000008c180000)
 Metaspace       used 13406K, capacity 13768K, committed 14080K, reserved 1060864K
  class space    used 1628K, capacity 1732K, committed 1792K, reserved 1048576K
Event: 2.247 GC heap after
Heap after GC invocations=3 (full 0):
 PSYoungGen      total 36352K, used 5104K [0x00000000d7b00000, 0x00000000dc200000, 0x0000000100000000)
  eden space 31232K, 0% used [0x00000000d7b00000,0x00000000d7b00000,0x00000000d9980000)
  from space 5120K, 99% used [0x00000000d9980000,0x00000000d9e7c030,0x00000000d9e80000)
  to   space 5120K, 0% used [0x00000000dbd00000,0x00000000dbd00000,0x00000000dc200000)
 ParOldGen       total 83456K, used 2233K [0x0000000087000000, 0x000000008c180000, 0x00000000d7b00000)
  object space 83456K, 2% used [0x0000000087000000,0x000000008722e440,0x000000008c180000)
 Metaspace       used 13406K, capacity 13768K, committed 14080K, reserved 1060864K
  class space    used 1628K, capacity 1732K, committed 1792K, reserved 1048576K
}
Event: 2.561 GC heap before
{Heap before GC invocations=4 (full 0):
 PSYoungGen      total 36352K, used 36336K [0x00000000d7b00000, 0x00000000dc200000, 0x0000000100000000)
  eden space 31232K, 100% used [0x00000000d7b00000,0x00000000d9980000,0x00000000d9980000)
  from space 5120K, 99% used [0x00000000d9980000,0x00000000d9e7c030,0x00000000d9e80000)
  to   space 5120K, 0% used [0x00000000dbd00000,0x00000000dbd00000,0x00000000dc200000)
 ParOldGen       total 83456K, used 2233K [0x0000000087000000, 0x000000008c180000, 0x00000000d7b00000)
  object space 83456K, 2% used [0x0000000087000000,0x000000008722e440,0x000000008c180000)
 Metaspace       used 14007K, capacity 14432K, committed 14720K, reserved 1062912K
  class space    used 1698K, capacity 1804K, committed 1920K, reserved 1048576K
Event: 2.572 GC heap after
Heap after GC invocations=4 (full 0):
 PSYoungGen      total 67584K, used 5088K [0x00000000d7b00000, 0x00000000dc200000, 0x0000000100000000)
  eden space 62464K, 0% used [0x00000000d7b00000,0x00000000d7b00000,0x00000000db800000)
  from space 5120K, 99% used [0x00000000dbd00000,0x00000000dc1f8020,0x00000000dc200000)
  to   space 5120K, 0% used [0x00000000db800000,0x00000000db800000,0x00000000dbd00000)
 ParOldGen       total 83456K, used 3966K [0x0000000087000000, 0x000000008c180000, 0x00000000d7b00000)
  object space 83456K, 4% used [0x0000000087000000,0x00000000873df8e0,0x000000008c180000)
 Metaspace       used 14007K, capacity 14432K, committed 14720K, reserved 1062912K
  class space    used 1698K, capacity 1804K, committed 1920K, reserved 1048576K
}
Event: 3.177 GC heap before
{Heap before GC invocations=5 (full 0):
 PSYoungGen      total 67584K, used 67552K [0x00000000d7b00000, 0x00000000dc200000, 0x0000000100000000)
  eden space 62464K, 100% used [0x00000000d7b00000,0x00000000db800000,0x00000000db800000)
  from space 5120K, 99% used [0x00000000dbd00000,0x00000000dc1f8020,0x00000000dc200000)
  to   space 5120K, 0% used [0x00000000db800000,0x00000000db800000,0x00000000dbd00000)
 ParOldGen       total 83456K, used 3966K [0x0000000087000000, 0x000000008c180000, 0x00000000d7b00000)
  object space 83456K, 4% used [0x0000000087000000,0x00000000873df8e0,0x000000008c180000)
 Metaspace       used 14840K, capacity 15244K, committed 15488K, reserved 1062912K
  class space    used 1756K, capacity 1879K, committed 1920K, reserved 1048576K
Event: 3.190 GC heap after
Heap after GC invocations=5 (full 0):
 PSYoungGen      total 67584K, used 5088K [0x00000000d7b00000, 0x00000000e0700000, 0x0000000100000000)
  eden space 62464K, 0% used [0x00000000d7b00000,0x00000000d7b00000,0x00000000db800000)
  from space 5120K, 99% used [0x00000000db800000,0x00000000dbcf8020,0x00000000dbd00000)
  to   space 9216K, 0% used [0x00000000dfe00000,0x00000000dfe00000,0x00000000e0700000)
 ParOldGen       total 83456K, used 7123K [0x0000000087000000, 0x000000008c180000, 0x00000000d7b00000)
  object space 83456K, 8% used [0x0000000087000000,0x00000000876f4ed0,0x000000008c180000)
 Metaspace       used 14840K, capacity 15244K, committed 15488K, reserved 1062912K
  class space    used 1756K, capacity 1879K, committed 1920K, reserved 1048576K
}
Event: 3.773 GC heap before
{Heap before GC invocations=6 (full 0):
 PSYoungGen      total 67584K, used 67552K [0x00000000d7b00000, 0x00000000e0700000, 0x0000000100000000)
  eden space 62464K, 100% used [0x00000000d7b00000,0x00000000db800000,0x00000000db800000)
  from space 5120K, 99% used [0x00000000db800000,0x00000000dbcf8020,0x00000000dbd00000)
  to   space 9216K, 0% used [0x00000000dfe00000,0x00000000dfe00000,0x00000000e0700000)
 ParOldGen       total 83456K, used 7123K [0x0000000087000000, 0x000000008c180000, 0x00000000d7b00000)
  object space 83456K, 8% used [0x0000000087000000,0x00000000876f4ed0,0x000000008c180000)
 Metaspace       used 18862K, capacity 19456K, committed 19584K, reserved 1067008K
  class space    used 2278K, capacity 2414K, committed 2432K, reserved 1048576K
Event: 3.790 GC heap after
Heap after GC invocations=6 (full 0):
 PSYoungGen      total 133632K, used 8281K [0x00000000d7b00000, 0x00000000e0800000, 0x0000000100000000)
  eden space 124416K, 0% used [0x00000000d7b00000,0x00000000d7b00000,0x00000000df480000)
  from space 9216K, 89% used [0x00000000dfe00000,0x00000000e0616738,0x00000000e0700000)
  to   space 9728K, 0% used [0x00000000df480000,0x00000000df480000,0x00000000dfe00000)
 ParOldGen       total 83456K, used 7131K [0x0000000087000000, 0x000000008c180000, 0x00000000d7b00000)
  object space 83456K, 8% used [0x0000000087000000,0x00000000876f6ed0,0x000000008c180000)
 Metaspace       used 18862K, capacity 19456K, committed 19584K, reserved 1067008K
  class space    used 2278K, capacity 2414K, committed 2432K, reserved 1048576K
}
Event: 4.666 GC heap before
{Heap before GC invocations=7 (full 0):
 PSYoungGen      total 133632K, used 48050K [0x00000000d7b00000, 0x00000000e0800000, 0x0000000100000000)
  eden space 124416K, 31% used [0x00000000d7b00000,0x00000000da1d6228,0x00000000df480000)
  from space 9216K, 89% used [0x00000000dfe00000,0x00000000e0616738,0x00000000e0700000)
  to   space 9728K, 0% used [0x00000000df480000,0x00000000df480000,0x00000000dfe00000)
 ParOldGen       total 83456K, used 7131K [0x0000000087000000, 0x000000008c180000, 0x00000000d7b00000)
  object space 83456K, 8% used [0x0000000087000000,0x00000000876f6ed0,0x000000008c180000)
 Metaspace       used 20548K, capacity 21088K, committed 21296K, reserved 1069056K
  class space    used 2432K, capacity 2574K, committed 2688K, reserved 1048576K

Deoptimization events (10 events):
Event: 3.751 Thread 0x00007f229800b800 Uncommon trap: reason=unstable_if action=reinterpret pc=0x00007f2289574e40 method=java.util.jar.Manifest$FastInputStream.readLine([BII)I @ 87
Event: 3.813 Thread 0x00007f229800b800 Uncommon trap: reason=unstable_if action=reinterpret pc=0x00007f2289576b44 method=java.util.jar.Attributes$Name.isDigit(C)Z @ 3
Event: 3.882 Thread 0x00007f229800b800 Uncommon trap: reason=class_check action=maybe_recompile pc=0x00007f2288d7cf2c method=sun.misc.URLClassPath.getLoader(I)Lsun/misc/URLClassPath$Loader; @ 94
Event: 3.883 Thread 0x00007f229800b800 Uncommon trap: reason=unstable_if action=reinterpret pc=0x00007f2288d8b824 method=sun.misc.URLClassPath$JarLoader.getResource(Ljava/lang/String;Z)Lsun/misc/Resource; @ 62
Event: 3.895 Thread 0x00007f229800b800 Uncommon trap: reason=class_check action=maybe_recompile pc=0x00007f2288d7cf2c method=sun.misc.URLClassPath.getLoader(I)Lsun/misc/URLClassPath$Loader; @ 94
Event: 3.896 Thread 0x00007f229800b800 Uncommon trap: reason=unstable_if action=reinterpret pc=0x00007f22892367b0 method=java.nio.charset.CharsetDecoder.decode(Ljava/nio/ByteBuffer;Ljava/nio/CharBuffer;Z)Ljava/nio/charset/CoderResult; @ 1
Event: 3.953 Thread 0x00007f229800b800 Uncommon trap: reason=unstable_if action=reinterpret pc=0x00007f2288ed9560 method=java.lang.CharacterDataLatin1.isWhitespace(I)Z @ 14
Event: 4.528 Thread 0x00007f229800b800 Uncommon trap: reason=bimorphic action=maybe_recompile pc=0x00007f228938f07c method=java.util.HashMap.putVal(ILjava/lang/Object;Ljava/lang/Object;ZZ)Ljava/lang/Object; @ 253
Event: 4.530 Thread 0x00007f229800b800 Uncommon trap: reason=bimorphic action=maybe_recompile pc=0x00007f228938f07c method=java.util.HashMap.putVal(ILjava/lang/Object;Ljava/lang/Object;ZZ)Ljava/lang/Object; @ 253
Event: 4.543 Thread 0x00007f229800b800 Uncommon trap: reason=unstable_if action=reinterpret pc=0x00007f22896cedbc method=com.sun.tools.javac.util.Convert.chars2utf([CI[BII)I @ 35

Classes redefined (0 events):
No events

Internal exceptions (10 events):
Event: 1.946 Thread 0x00007f229800b800 Implicit null exception at 0x00007f2288eaa92f to 0x00007f2288eaa999
Event: 2.001 Thread 0x00007f229800b800 Implicit null exception at 0x00007f228909f4c1 to 0x00007f228909feb1
Event: 2.289 Thread 0x00007f229800b800 Implicit null exception at 0x00007f2288f56d7b to 0x00007f2288f5734d
Event: 2.340 Thread 0x00007f229800b800 Exception <a 'java/lang/NoClassDefFoundError': org/slf4j/Logger> (0x00000000d82a9378) thrown at [/HUDSON/workspace/8-2-build-linux-amd64/jdk8u201/12317/hotspot/src/share/vm/oops/constantPool.cpp, line 245]
Event: 3.075 Thread 0x00007f229800b800 Exception <a 'java/lang/NoClassDefFoundError': org/slf4j/Logger> (0x00000000db0bf840) thrown at [/HUDSON/workspace/8-2-build-linux-amd64/jdk8u201/12317/hotspot/src/share/vm/oops/constantPool.cpp, line 245]
Event: 3.202 Thread 0x00007f229800b800 Exception <a 'java/lang/NoClassDefFoundError': org/slf4j/Logger> (0x00000000d7c0bd18) thrown at [/HUDSON/workspace/8-2-build-linux-amd64/jdk8u201/12317/hotspot/src/share/vm/oops/constantPool.cpp, line 245]
Event: 3.400 Thread 0x00007f229800b800 Exception <a 'java/lang/NoClassDefFoundError': org/slf4j/Logger> (0x00000000d9054310) thrown at [/HUDSON/workspace/8-2-build-linux-amd64/jdk8u201/12317/hotspot/src/share/vm/oops/constantPool.cpp, line 245]
Event: 3.467 Thread 0x00007f229800b800 Exception <a 'java/lang/ClassNotFoundException': com/sun/tools/javac/api/JavacTool> (0x00000000d948b2a8) thrown at [/HUDSON/workspace/8-2-build-linux-amd64/jdk8u201/12317/hotspot/src/share/vm/classfile/systemDictionary.cpp, line 210]
Event: 4.209 Thread 0x00007f229800b800 Exception <a 'java/io/FileNotFoundException'> (0x00000000d8bf72a0) thrown at [/HUDSON/workspace/8-2-build-linux-amd64/jdk8u201/12317/hotspot/src/share/vm/prims/jni.cpp, line 709]
Event: 4.214 Thread 0x00007f229800b800 Exception <a 'java/io/FileNotFoundException'> (0x00000000d8c2c748) thrown at [/HUDSON/workspace/8-2-build-linux-amd64/jdk8u201/12317/hotspot/src/share/vm/prims/jni.cpp, line 709]

Events (10 events):
Event: 4.618 loading class com/sun/tools/javac/jvm/ClassWriter$StackMapTableFrame$SameLocals1StackItemFrame done
Event: 4.618 loading class com/sun/tools/javac/jvm/ClassWriter$StackMapTableFrame$SameFrame
Event: 4.618 loading class com/sun/tools/javac/jvm/ClassWriter$StackMapTableFrame$SameFrame done
Event: 4.618 loading class com/sun/tools/javac/jvm/ClassWriter$StackMapTableFrame$AppendFrame
Event: 4.618 loading class com/sun/tools/javac/jvm/ClassWriter$StackMapTableFrame$AppendFrame done
Event: 4.618 loading class com/sun/tools/javac/jvm/ClassWriter$StackMapTableFrame$ChopFrame
Event: 4.618 loading class com/sun/tools/javac/jvm/ClassWriter$StackMapTableFrame$ChopFrame done
Event: 4.619 loading class com/sun/tools/javac/jvm/ClassWriter$StackMapTableFrame$FullFrame
Event: 4.619 loading class com/sun/tools/javac/jvm/ClassWriter$StackMapTableFrame$FullFrame done
Event: 4.665 Executing VM operation: CollectForMetadataAllocation


Dynamic libraries:
00400000-00401000 r-xp 00000000 08:06 1446908                            /usr/lib/jvm/java-8-oracle/bin/java
00600000-00601000 r--p 00000000 08:06 1446908                            /usr/lib/jvm/java-8-oracle/bin/java
00601000-00602000 rw-p 00001000 08:06 1446908                            /usr/lib/jvm/java-8-oracle/bin/java
007eb000-0080c000 rw-p 00000000 00:00 0                                  [heap]
87000000-8c180000 rw-p 00000000 00:00 0 
8c180000-d7b00000 ---p 00000000 00:00 0 
d7b00000-e0800000 rw-p 00000000 00:00 0 
e8b00000-100000000 ---p 00000000 00:00 0 
100000000-1002a0000 rw-p 00000000 00:00 0 
1002a0000-140000000 ---p 00000000 00:00 0 
7f2240000000-7f2240021000 rw-p 00000000 00:00 0 
7f2240021000-7f2244000000 ---p 00000000 00:00 0 
7f2248000000-7f2248021000 rw-p 00000000 00:00 0 
7f2248021000-7f224c000000 ---p 00000000 00:00 0 
7f224c000000-7f224c021000 rw-p 00000000 00:00 0 
7f224c021000-7f2250000000 ---p 00000000 00:00 0 
7f2250000000-7f2251592000 rw-p 00000000 00:00 0 
7f2251592000-7f2254000000 ---p 00000000 00:00 0 
7f2254000000-7f225566e000 rw-p 00000000 00:00 0 
7f225566e000-7f2258000000 ---p 00000000 00:00 0 
7f2258000000-7f2258021000 rw-p 00000000 00:00 0 
7f2258021000-7f225c000000 ---p 00000000 00:00 0 
7f225c000000-7f225d6c5000 rw-p 00000000 00:00 0 
7f225d6c5000-7f2260000000 ---p 00000000 00:00 0 
7f2260000000-7f2260021000 rw-p 00000000 00:00 0 
7f2260021000-7f2264000000 ---p 00000000 00:00 0 
7f2264000000-7f2264021000 rw-p 00000000 00:00 0 
7f2264021000-7f2268000000 ---p 00000000 00:00 0 
7f2268000000-7f2268021000 rw-p 00000000 00:00 0 
7f2268021000-7f226c000000 ---p 00000000 00:00 0 
7f226c000000-7f226c2a3000 rw-p 00000000 00:00 0 
7f226c2a3000-7f2270000000 ---p 00000000 00:00 0 
7f2270000000-7f2270021000 rw-p 00000000 00:00 0 
7f2270021000-7f2274000000 ---p 00000000 00:00 0 
7f2274d22000-7f2274d46000 r--p 00000000 08:06 400441                     /usr/share/locale-langpack/es/LC_MESSAGES/libc.mo
7f2274dff000-7f2274e2b000 rw-p 00000000 00:00 0 
7f2274e2b000-7f2274fff000 ---p 00000000 00:00 0 
7f2274fff000-7f2278000000 rw-p 00000000 00:00 0 
7f2278000000-7f227802c000 rw-p 00000000 00:00 0 
7f227802c000-7f227c000000 ---p 00000000 00:00 0 
7f227c011000-7f227c018000 r--s 00000000 08:06 263861                     /usr/lib/x86_64-linux-gnu/gconv/gconv-modules.cache
7f227c018000-7f227c01a000 r--s 00003000 08:06 1845                       /home/gareki/.m2/repository/com/google/code/findbugs/jsr305/3.0.1/jsr305-3.0.1.jar
7f227c01a000-7f227c01b000 r--s 00003000 08:06 1846                       /home/gareki/.m2/repository/com/github/bbottema/emailaddress-rfc2822/1.0.1/emailaddress-rfc2822-1.0.1.jar
7f227c01b000-7f227c01d000 r--s 0000e000 08:06 150489                     /home/gareki/.m2/repository/javax/activation/activation/1.1/activation-1.1.jar
7f227c01d000-7f227c026000 r--s 00097000 08:06 152209                     /home/gareki/.m2/repository/com/sun/mail/javax.mail/1.6.0/javax.mail-1.6.0.jar
7f227c026000-7f227c028000 r--s 00009000 08:06 1576799                    /home/gareki/.m2/repository/org/slf4j/slf4j-api/1.7.21/slf4j-api-1.7.21.jar
7f227c028000-7f227c02c000 r--s 00028000 08:06 942134                     /home/gareki/.m2/repository/org/simplejavamail/simple-java-mail/5.0.1/simple-java-mail-5.0.1.jar
7f227c02c000-7f227c032000 r--s 0007d000 08:06 1323341                    /home/gareki/.m2/repository/org/postgresql/postgresql/9.3-1100-jdbc3/postgresql-9.3-1100-jdbc3.jar
7f227c032000-7f227c054000 r--s 00120000 08:06 1323355                    /home/gareki/.m2/repository/javax/javaee-web-api/7.0/javaee-web-api-7.0.jar
7f227c054000-7f227c05c000 r--s 0006e000 08:06 1059504                    /home/gareki/.m2/repository/org/apache/commons/commons-lang3/3.5/commons-lang3-3.5.jar
7f227c05c000-7f227c061000 r--s 00034000 08:06 1323160                    /home/gareki/.m2/repository/com/google/code/gson/gson/2.8.2/gson-2.8.2.jar
7f227c061000-7f227c073000 r--s 002ca000 08:06 1323159                    /home/gareki/.m2/repository/org/primefaces/extensions/primefaces-extensions/6.2.2/primefaces-extensions-6.2.2.jar
7f227c073000-7f227c0a2000 r--s 003e4000 08:06 1323360                    /home/gareki/.m2/repository/org/primefaces/primefaces/6.2/primefaces-6.2.jar
7f227c0a2000-7f227c0cb000 r--s 002d2000 08:06 1323342                    /home/gareki/.m2/repository/org/glassfish/javax.faces/2.2.7/javax.faces-2.2.7.jar
7f227c0cb000-7f227c0d0000 r--s 00017000 08:06 1184430                    /home/gareki/.m2/repository/org/hibernate/javax/persistence/hibernate-jpa-2.1-api/1.0.0.Final/hibernate-jpa-2.1-api-1.0.0.Final.jar
7f227c0d0000-7f227c0da000 r--s 000a5000 08:06 1184429                    /home/gareki/.m2/repository/org/javassist/javassist/3.18.1-GA/javassist-3.18.1-GA.jar
7f227c0da000-7f227c0db000 r--s 00006000 08:06 1184426                    /home/gareki/.m2/repository/org/jboss/spec/javax/transaction/jboss-transaction-api_1.2_spec/1.0.0.Final/jboss-transaction-api_1.2_spec-1.0.0.Final.jar
7f227c0db000-7f227c0de000 r--s 00010000 08:06 1184425                    /home/gareki/.m2/repository/org/hibernate/common/hibernate-commons-annotations/4.0.4.Final/hibernate-commons-annotations-4.0.4.Final.jar
7f227c0de000-7f227c0e3000 r--s 00048000 08:06 935112                     /home/gareki/.m2/repository/dom4j/dom4j/1.6.1/dom4j-1.6.1.jar
7f227c0e3000-7f227c0e5000 r--s 00011000 08:06 1323118                    /home/gareki/.m2/repository/org/jboss/jandex/1.1.0.Final/jandex-1.1.0.Final.jar
7f227c0e5000-7f227c0ea000 r--s 00068000 08:06 1323117                    /home/gareki/.m2/repository/antlr/antlr/2.7.7/antlr-2.7.7.jar
7f227c0ea000-7f227c148000 r--s 0049c000 08:06 1059506                    /home/gareki/.m2/repository/org/hibernate/hibernate-core/4.3.1.Final/hibernate-core-4.3.1.Final.jar
7f227c148000-7f227c149000 r--s 00002000 08:06 1059497                    /home/gareki/.m2/repository/org/jboss/logging/jboss-logging-annotations/1.2.0.Beta1/jboss-logging-annotations-1.2.0.Beta1.jar
7f227c149000-7f227c14b000 r--s 0000c000 08:06 1059496                    /home/gareki/.m2/repository/org/jboss/logging/jboss-logging/3.1.3.GA/jboss-logging-3.1.3.GA.jar
7f227c14b000-7f227c159000 r--s 00090000 08:06 1059495                    /home/gareki/.m2/repository/org/hibernate/hibernate-entitymanager/4.3.1.Final/hibernate-entitymanager-4.3.1.Final.jar
7f227c159000-7f227c359000 rw-p 00000000 00:00 0 
7f227c359000-7f227c559000 rw-p 00000000 00:00 0 
7f227c559000-7f227c5d2000 r--s 010fd000 08:06 1447016                    /usr/lib/jvm/java-8-oracle/lib/tools.jar
7f227c5d2000-7f227c5d5000 r--s 0001b000 08:06 1324420                    /home/gareki/.m2/repository/junit/junit/3.8.2/junit-3.8.2.jar
7f227c5d5000-7f227c5e3000 r--s 0008f000 08:06 1324419                    /home/gareki/.m2/repository/com/google/collections/google-collections/1.0/google-collections-1.0.jar
7f227c5e3000-7f227c5e4000 r--s 0000a000 08:06 1324416                    /home/gareki/.m2/repository/commons-logging/commons-logging-api/1.1/commons-logging-api-1.1.jar
7f227c5e4000-7f227c5eb000 r--s 00051000 08:06 1324415                    /home/gareki/.m2/repository/log4j/log4j/1.2.12/log4j-1.2.12.jar
7f227c5eb000-7f227c5ef000 r--s 0001d000 08:06 935222                     /home/gareki/.m2/repository/org/apache/xbean/xbean-reflect/3.4/xbean-reflect-3.4.jar
7f227c5ef000-7f227c5f0000 r--s 00004000 08:06 1324411                    /home/gareki/.m2/repository/org/codehaus/plexus/plexus-compiler-javac/2.2/plexus-compiler-javac-2.2.jar
7f227c5f0000-7f227c5f2000 r--s 00000000 08:06 1324410                    /home/gareki/.m2/repository/org/codehaus/plexus/plexus-compiler-manager/2.2/plexus-compiler-manager-2.2.jar
7f227c5f2000-7f227c5f4000 r--s 00005000 08:06 1324406                    /home/gareki/.m2/repository/org/codehaus/plexus/plexus-compiler-api/2.2/plexus-compiler-api-2.2.jar
7f227c5f4000-7f227c5f6000 r--s 00002000 08:06 1324405                    /home/gareki/.m2/repository/org/apache/maven/shared/maven-shared-incremental/1.1/maven-shared-incremental-1.1.jar
7f227c5f6000-7f227c5f8000 r--s 00006000 08:06 1324404                    /home/gareki/.m2/repository/com/google/code/findbugs/jsr305/2.0.1/jsr305-2.0.1.jar
7f227c5f8000-7f227c5fb000 r--s 00023000 08:06 1324407                    /home/gareki/.m2/repository/org/apache/maven/shared/maven-shared-utils/0.1/maven-shared-utils-0.1.jar
7f227c5fb000-7f227c5ff000 r--s 00030000 08:06 1324403                    /home/gareki/.m2/repository/org/codehaus/plexus/plexus-utils/1.5.1/plexus-utils-1.5.1.jar
7f227c5ff000-7f227c601000 r--s 00009000 08:06 1059380                    /home/gareki/.m2/repository/org/apache/maven/plugins/maven-compiler-plugin/3.1/maven-compiler-plugin-3.1.jar
7f227c601000-7f227c603000 r--s 0000d000 08:06 1324185                    /home/gareki/.m2/repository/org/codehaus/plexus/plexus-interpolation/1.13/plexus-interpolation-1.13.jar
7f227c603000-7f227c604000 r--s 00001000 08:06 1324183                    /home/gareki/.m2/repository/org/sonatype/plexus/plexus-build-api/0.0.4/plexus-build-api-0.0.4.jar
7f227c604000-7f227c606000 r--s 00009000 08:06 1324184                    /home/gareki/.m2/repository/org/apache/maven/shared/maven-filtering/1.0/maven-filtering-1.0.jar
7f227c606000-7f227c607000 r--s 00001000 08:06 1324182                    /home/gareki/.m2/repository/org/apache/maven/doxia/doxia-sink-api/1.0-alpha-7/doxia-sink-api-1.0-alpha-7.jar
7f227c607000-7f227c608000 r--s 00002000 08:06 1324181                    /home/gareki/.m2/repository/org/apache/maven/reporting/maven-reporting-api/2.0.6/maven-reporting-api-2.0.6.jar
7f227c608000-7f227c60a000 r--s 00005000 08:06 1059365                    /home/gareki/.m2/repository/org/apache/maven/plugins/maven-resources-plugin/2.5/maven-resources-plugin-2.5.jar
7f227c60a000-7f227c618000 r--s 0007f000 08:06 1324125                    /home/gareki/.m2/repository/commons-collections/commons-collections/3.2.1/commons-collections-3.2.1.jar
7f227c618000-7f227c61d000 r--s 00041000 08:06 1324107                    /home/gareki/.m2/repository/commons-lang/commons-lang/2.6/commons-lang-2.6.jar
7f227c61d000-7f227c61f000 r--s 00006000 08:06 1324112                    /home/gareki/.m2/repository/org/apache/maven/shared/maven-invoker/2.0.11/maven-invoker-2.0.11.jar
7f227c61f000-7f227c621000 r--s 00006000 08:06 1324085                    /home/gareki/.m2/repository/org/apache/maven/shared/maven-common-artifact-filters/1.4/maven-common-artifact-filters-1.4.jar
7f227c621000-7f227c623000 r--s 0000c000 08:06 1324140                    /home/gareki/.m2/repository/org/apache/maven/shared/maven-dependency-tree/2.0/maven-dependency-tree-2.0.jar
7f227c623000-7f227c625000 r--s 00000000 08:06 1324137                    /home/gareki/.m2/repository/org/codehaus/plexus/plexus-component-annotations/1.5.5/plexus-component-annotations-1.5.5.jar
7f227c625000-7f227c626000 r--s 0000a000 08:06 1324129                    /home/gareki/.m2/repository/asm/asm/3.3.1/asm-3.3.1.jar
7f227c626000-7f227c628000 r--s 00005000 08:06 1324123                    /home/gareki/.m2/repository/org/apache/maven/shared/maven-dependency-analyzer/1.3/maven-dependency-analyzer-1.3.jar
7f227c628000-7f227c62b000 r--s 0000c000 08:06 1324134                    /home/gareki/.m2/repository/org/codehaus/plexus/plexus-io/2.0.6/plexus-io-2.0.6.jar
7f227c62b000-7f227c62e000 r--s 0001b000 08:06 1324102                    /home/gareki/.m2/repository/junit/junit/3.8.1/junit-3.8.1.jar
7f227c62e000-7f227c630000 r--s 00008000 08:06 1184538                    /home/gareki/.m2/repository/org/apache/maven/shared/maven-shared-io/1.1/maven-shared-io-1.1.jar
7f227c630000-7f227c632000 r--s 00008000 08:06 1184531                    /home/gareki/.m2/repository/org/apache/maven/shared/file-management/1.2.1/file-management-1.2.1.jar
7f227c632000-7f227c636000 r--s 00035000 08:06 1324122                    /home/gareki/.m2/repository/org/codehaus/plexus/plexus-utils/3.0.9/plexus-utils-3.0.9.jar
7f227c636000-7f227c63b000 r--s 00029000 08:06 1324077                    /home/gareki/.m2/repository/org/codehaus/plexus/plexus-archiver/2.2/plexus-archiver-2.2.jar
7f227c63b000-7f227c63d000 r--s 00004000 08:06 1324117                    /home/gareki/.m2/repository/org/apache/maven/doxia/doxia-module-xhtml/1.0/doxia-module-xhtml-1.0.jar
7f227c63d000-7f227c63e000 r--s 00006000 08:06 1324095                    /home/gareki/.m2/repository/org/apache/maven/doxia/doxia-module-xdoc/1.0/doxia-module-xdoc-1.0.jar
7f227c63e000-7f227c63f000 r--s 00004000 08:06 1324103                    /home/gareki/.m2/repository/org/apache/maven/doxia/doxia-module-fml/1.0/doxia-module-fml-1.0.jar
7f227c63f000-7f227c641000 r--s 0000a000 08:06 1324084                    /home/gareki/.m2/repository/org/apache/maven/doxia/doxia-module-apt/1.0/doxia-module-apt-1.0.jar
7f227c641000-7f227c642000 r--s 0000b000 08:06 1324099                    /home/gareki/.m2/repository/org/apache/maven/doxia/doxia-decoration-model/1.0/doxia-decoration-model-1.0.jar
7f227c642000-7f227c64a000 r--s 00058000 08:06 1059562                    /home/gareki/.m2/repository/org/apache/velocity/velocity/1.5/velocity-1.5.jar
7f227c64a000-7f227c64b000 r--s 00001000 08:06 1324088                    /home/gareki/.m2/repository/org/codehaus/plexus/plexus-velocity/1.1.7/plexus-velocity-1.1.7.jar
7f227c64b000-7f227c64c000 r--s 00002000 08:06 1324069                    /home/gareki/.m2/repository/org/codehaus/plexus/plexus-i18n/1.0-beta-7/plexus-i18n-1.0-beta-7.jar
7f227c64c000-7f227c64e000 r--s 0000a000 08:06 1324118                    /home/gareki/.m2/repository/org/apache/maven/doxia/doxia-site-renderer/1.0/doxia-site-renderer-1.0.jar
7f227c64e000-7f227c64f000 r--s 00002000 08:06 1324104                    /home/gareki/.m2/repository/org/apache/maven/doxia/doxia-sink-api/1.0/doxia-sink-api-1.0.jar
7f227c64f000-7f227c654000 r--s 00016000 08:06 1059501                    /home/gareki/.m2/repository/xml-apis/xml-apis/1.0.b2/xml-apis-1.0.b2.jar
7f227c654000-7f227c656000 r--s 0000e000 08:06 1324093                    /home/gareki/.m2/repository/oro/oro/2.0.8/oro-2.0.8.jar
7f227c656000-7f227c658000 r--s 00008000 08:06 1324101                    /home/gareki/.m2/repository/commons-logging/commons-logging/1.0.4/commons-logging-1.0.4.jar
7f227c658000-7f227c65c000 r--s 00026000 08:06 1324097                    /home/gareki/.m2/repository/commons-digester/commons-digester/1.6/commons-digester-1.6.jar
7f227c65c000-7f227c661000 r--s 0002a000 08:06 1324091                    /home/gareki/.m2/repository/commons-beanutils/commons-beanutils/1.7.0/commons-beanutils-1.7.0.jar
7f227c661000-7f227c664000 r--s 00014000 08:06 1324079                    /home/gareki/.m2/repository/commons-validator/commons-validator/1.2.0/commons-validator-1.2.0.jar
7f227c664000-7f227c667000 r--s 00018000 08:06 1324086                    /home/gareki/.m2/repository/commons-io/commons-io/1.4/commons-io-1.4.jar
7f227c667000-7f227c669000 r--s 00009000 08:06 1184534                    /home/gareki/.m2/repository/org/apache/maven/shared/maven-doxia-tools/1.0.2/maven-doxia-tools-1.0.2.jar
7f227c669000-7f227c66c000 r--s 0000b000 08:06 1324071                    /home/gareki/.m2/repository/org/apache/maven/doxia/doxia-core/1.0/doxia-core-1.0.jar
7f227c66c000-7f227c66e000 r--s 00004000 08:06 1324068                    /home/gareki/.m2/repository/org/apache/maven/reporting/maven-reporting-impl/2.0.5/maven-reporting-impl-2.0.5.jar
7f227c66e000-7f227c66f000 r--s 00002000 08:06 1184526                    /home/gareki/.m2/repository/org/apache/maven/reporting/maven-reporting-api/3.0/maven-reporting-api-3.0.jar
7f227c66f000-7f227c671000 r--s 00002000 08:06 1324073                    /home/gareki/.m2/repository/org/codehaus/plexus/plexus-interactivity-api/1.0-alpha-4/plexus-interactivity-api-1.0-alpha-4.jar
7f227c671000-7f227c673000 r--s 00006000 08:06 1324072                    /home/gareki/.m2/repository/commons-cli/commons-cli/1.0/commons-cli-1.0.jar
7f227c673000-7f227c676000 r--s 00021000 08:06 1059392                    /home/gareki/.m2/repository/org/apache/maven/plugins/maven-dependency-plugin/2.6/maven-dependency-plugin-2.6.jar
7f227c676000-7f227c67a000 r--s 00033000 08:06 1323400                    /home/gareki/.m2/repository/org/codehaus/plexus/plexus-utils/2.0.5/plexus-utils-2.0.5.jar
7f227c67a000-7f227c87a000 rw-p 00000000 00:00 0 
7f227c87a000-7f227c87b000 r--s 00005000 08:06 1059396                    /home/gareki/.m2/repository/org/apache/maven/plugins/maven-clean-plugin/2.4.1/maven-clean-plugin-2.4.1.jar
7f227c87b000-7f227c88c000 r-xp 00000000 08:06 1458871                    /usr/lib/jvm/java-8-oracle/jre/lib/amd64/libnio.so
7f227c88c000-7f227ca8b000 ---p 00011000 08:06 1458871                    /usr/lib/jvm/java-8-oracle/jre/lib/amd64/libnio.so
7f227ca8b000-7f227ca8c000 r--p 00010000 08:06 1458871                    /usr/lib/jvm/java-8-oracle/jre/lib/amd64/libnio.so
7f227ca8c000-7f227ca8d000 rw-p 00011000 08:06 1458871                    /usr/lib/jvm/java-8-oracle/jre/lib/amd64/libnio.so
7f227ca8d000-7f227caa3000 r-xp 00000000 08:06 1458868                    /usr/lib/jvm/java-8-oracle/jre/lib/amd64/libnet.so
7f227caa3000-7f227cca3000 ---p 00016000 08:06 1458868                    /usr/lib/jvm/java-8-oracle/jre/lib/amd64/libnet.so
7f227cca3000-7f227cca4000 r--p 00016000 08:06 1458868                    /usr/lib/jvm/java-8-oracle/jre/lib/amd64/libnet.so
7f227cca4000-7f227cca5000 rw-p 00017000 08:06 1458868                    /usr/lib/jvm/java-8-oracle/jre/lib/amd64/libnet.so
7f227cca5000-7f227cca8000 ---p 00000000 00:00 0 
7f227cca8000-7f227ccde000 rw-p 00000000 00:00 0 
7f227ccde000-7f227ccdf000 r--p 00000000 00:00 0 
7f227ccdf000-7f227cedf000 rw-p 00000000 00:00 0 
7f227cedf000-7f227cee3000 r--s 000a1000 08:06 1458714                    /usr/lib/jvm/java-8-oracle/jre/lib/jsse.jar
7f227cee3000-7f227d0e3000 rw-p 00000000 00:00 0 
7f227d0e3000-7f227d0e5000 r--s 0000d000 08:06 934153                     /home/gareki/netbeans-8.2/java/maven-nblib/netbeans-eventspy.jar
7f227d0e5000-7f227d0ef000 r--s 00116000 08:06 1458725                    /usr/lib/jvm/java-8-oracle/jre/lib/ext/localedata.jar
7f227d0ef000-7f227d10b000 r--s 00393000 08:06 1458718                    /usr/lib/jvm/java-8-oracle/jre/lib/ext/cldrdata.jar
7f227d10b000-7f227d10e000 r--s 00008000 08:06 934030                     /home/gareki/netbeans-8.2/java/maven/lib/maven-settings-builder-3.0.5.jar
7f227d10e000-7f227d115000 r--s 0003f000 08:06 934130                     /home/gareki/netbeans-8.2/java/maven/lib/sisu-inject-bean-2.3.0.jar
7f227d115000-7f227d118000 r--s 0001d000 08:06 934157                     /home/gareki/netbeans-8.2/java/maven/lib/aether-impl-1.13.1.jar
7f227d118000-7f227d11f000 r--s 0002b000 08:06 934104                     /home/gareki/netbeans-8.2/java/maven/lib/sisu-inject-plexus-2.3.0.jar
7f227d11f000-7f227d121000 r--s 00006000 08:06 934001                     /home/gareki/netbeans-8.2/java/maven/lib/aether-connector-wagon-1.13.1.jar
7f227d121000-7f227d122000 r--s 00003000 08:06 934165                     /home/gareki/netbeans-8.2/java/maven/lib/aether-spi-1.13.1.jar
7f227d122000-7f227d126000 r--s 00013000 08:06 934164                     /home/gareki/netbeans-8.2/java/maven/lib/aether-api-1.13.1.jar
7f227d126000-7f227d12a000 r--s 00021000 08:06 934083                     /home/gareki/netbeans-8.2/java/maven/lib/maven-model-builder-3.0.5.jar
7f227d12a000-7f227d149000 r--s 00154000 08:06 934171                     /home/gareki/netbeans-8.2/java/maven/lib/sisu-guava-0.9.9.jar
7f227d149000-7f227d178000 r--s 001c8000 08:06 934128                     /home/gareki/netbeans-8.2/java/maven/lib/wagon-http-2.10-shaded.jar
7f227d178000-7f227d179000 ---p 00000000 00:00 0 
7f227d179000-7f227d279000 rw-p 00000000 00:00 0 
7f227d279000-7f227d27c000 ---p 00000000 00:00 0 
7f227d27c000-7f227d37a000 rw-p 00000000 00:00 0 
7f227d37a000-7f227d37b000 ---p 00000000 00:00 0 
7f227d37b000-7f227d37e000 ---p 00000000 00:00 0 
7f227d37e000-7f227d47b000 rw-p 00000000 00:00 0 
7f227d47b000-7f227d47c000 ---p 00000000 00:00 0 
7f227d47c000-7f227d47f000 ---p 00000000 00:00 0 
7f227d47f000-7f227d57c000 rw-p 00000000 00:00 0 
7f227d57c000-7f227d57d000 ---p 00000000 00:00 0 
7f227d57d000-7f227d580000 ---p 00000000 00:00 0 
7f227d580000-7f227d67d000 rw-p 00000000 00:00 0 
7f227d67d000-7f227d680000 ---p 00000000 00:00 0 
7f227d680000-7f227d77e000 rw-p 00000000 00:00 0 
7f227d77e000-7f227e14d000 r--p 00000000 08:06 1445738                    /usr/lib/locale/locale-archive
7f227e14d000-7f227e150000 ---p 00000000 00:00 0 
7f227e150000-7f227e24e000 rw-p 00000000 00:00 0 
7f227e24e000-7f227e251000 ---p 00000000 00:00 0 
7f227e251000-7f227e34f000 rw-p 00000000 00:00 0 
7f227e34f000-7f227e350000 ---p 00000000 00:00 0 
7f227e350000-7f227f25e000 rw-p 00000000 00:00 0 
7f227f25e000-7f227f438000 r--s 03d6f000 08:06 1458657                    /usr/lib/jvm/java-8-oracle/jre/lib/rt.jar
7f227f438000-7f2280000000 rw-p 00000000 00:00 0 
7f2280000000-7f2280021000 rw-p 00000000 00:00 0 
7f2280021000-7f2284000000 ---p 00000000 00:00 0 
7f2284000000-7f2284002000 r--s 0000a000 08:06 934145                     /home/gareki/netbeans-8.2/java/maven/lib/maven-settings-3.0.5.jar
7f2284002000-7f2284004000 r--s 00002000 08:06 934163                     /home/gareki/netbeans-8.2/java/maven/lib/plexus-cipher-1.7.jar
7f2284004000-7f2284005000 r--s 00002000 08:06 934131                     /home/gareki/netbeans-8.2/java/maven/lib/wagon-http-shared-2.10.jar
7f2284005000-7f2284007000 r--s 00006000 08:06 933935                     /home/gareki/netbeans-8.2/java/maven/lib/maven-repository-metadata-3.0.5.jar
7f2284007000-7f2284009000 r--s 0000c000 08:06 934048                     /home/gareki/netbeans-8.2/java/maven/lib/maven-aether-provider-3.0.5.jar
7f2284009000-7f228400b000 r--s 0000b000 08:06 934143                     /home/gareki/netbeans-8.2/java/maven/lib/maven-artifact-3.0.5.jar
7f228400b000-7f2284017000 r--s 0007d000 08:06 934170                     /home/gareki/netbeans-8.2/java/maven/lib/maven-core-3.0.5.jar
7f2284017000-7f2287ec0000 rw-p 00000000 00:00 0 
7f2287ec0000-7f2287ec1000 ---p 00000000 00:00 0 
7f2287ec1000-7f2287fc1000 rw-p 00000000 00:00 0 
7f2287fc1000-7f2287fc2000 ---p 00000000 00:00 0 
7f2287fc2000-7f22880c2000 rw-p 00000000 00:00 0 
7f22880c2000-7f22880c3000 ---p 00000000 00:00 0 
7f22880c3000-7f22881ec000 rw-p 00000000 00:00 0 
7f22881ec000-7f2288449000 ---p 00000000 00:00 0 
7f2288449000-7f2288472000 rw-p 00000000 00:00 0 
7f2288472000-7f22886ce000 ---p 00000000 00:00 0 
7f22886ce000-7f2288715000 rw-p 00000000 00:00 0 
7f2288715000-7f2288811000 ---p 00000000 00:00 0 
7f2288811000-7f2288843000 rw-p 00000000 00:00 0 
7f2288843000-7f2288bd2000 ---p 00000000 00:00 0 
7f2288bd2000-7f22897e2000 rwxp 00000000 00:00 0 
7f22897e2000-7f2297bd2000 ---p 00000000 00:00 0 
7f2297bd2000-7f2297bed000 r-xp 00000000 08:06 1458864                    /usr/lib/jvm/java-8-oracle/jre/lib/amd64/libzip.so
7f2297bed000-7f2297dec000 ---p 0001b000 08:06 1458864                    /usr/lib/jvm/java-8-oracle/jre/lib/amd64/libzip.so
7f2297dec000-7f2297ded000 r--p 0001a000 08:06 1458864                    /usr/lib/jvm/java-8-oracle/jre/lib/amd64/libzip.so
7f2297ded000-7f2297dee000 rw-p 0001b000 08:06 1458864                    /usr/lib/jvm/java-8-oracle/jre/lib/amd64/libzip.so
7f2297dee000-7f2297df9000 r-xp 00000000 08:06 921754                     /lib/x86_64-linux-gnu/libnss_files-2.27.so
7f2297df9000-7f2297ff8000 ---p 0000b000 08:06 921754                     /lib/x86_64-linux-gnu/libnss_files-2.27.so
7f2297ff8000-7f2297ff9000 r--p 0000a000 08:06 921754                     /lib/x86_64-linux-gnu/libnss_files-2.27.so
7f2297ff9000-7f2297ffa000 rw-p 0000b000 08:06 921754                     /lib/x86_64-linux-gnu/libnss_files-2.27.so
7f2297ffa000-7f2298000000 rw-p 00000000 00:00 0 
7f2298000000-7f2299380000 rw-p 00000000 00:00 0 
7f2299380000-7f229c000000 ---p 00000000 00:00 0 
7f229c000000-7f229c021000 rw-p 00000000 00:00 0 
7f229c021000-7f229c022000 ---p 00000000 00:00 0 
7f229c022000-7f229c122000 rw-p 00000000 00:00 0 
7f229c122000-7f229c139000 r-xp 00000000 08:06 921748                     /lib/x86_64-linux-gnu/libnsl-2.27.so
7f229c139000-7f229c338000 ---p 00017000 08:06 921748                     /lib/x86_64-linux-gnu/libnsl-2.27.so
7f229c338000-7f229c339000 r--p 00016000 08:06 921748                     /lib/x86_64-linux-gnu/libnsl-2.27.so
7f229c339000-7f229c33a000 rw-p 00017000 08:06 921748                     /lib/x86_64-linux-gnu/libnsl-2.27.so
7f229c33a000-7f229c33c000 rw-p 00000000 00:00 0 
7f229c33c000-7f229c347000 r-xp 00000000 08:06 921765                     /lib/x86_64-linux-gnu/libnss_nis-2.27.so
7f229c347000-7f229c546000 ---p 0000b000 08:06 921765                     /lib/x86_64-linux-gnu/libnss_nis-2.27.so
7f229c546000-7f229c547000 r--p 0000a000 08:06 921765                     /lib/x86_64-linux-gnu/libnss_nis-2.27.so
7f229c547000-7f229c548000 rw-p 0000b000 08:06 921765                     /lib/x86_64-linux-gnu/libnss_nis-2.27.so
7f229c548000-7f229c550000 r-xp 00000000 08:06 921750                     /lib/x86_64-linux-gnu/libnss_compat-2.27.so
7f229c550000-7f229c750000 ---p 00008000 08:06 921750                     /lib/x86_64-linux-gnu/libnss_compat-2.27.so
7f229c750000-7f229c751000 r--p 00008000 08:06 921750                     /lib/x86_64-linux-gnu/libnss_compat-2.27.so
7f229c751000-7f229c752000 rw-p 00009000 08:06 921750                     /lib/x86_64-linux-gnu/libnss_compat-2.27.so
7f229c752000-7f229c77e000 r-xp 00000000 08:06 1458858                    /usr/lib/jvm/java-8-oracle/jre/lib/amd64/libjava.so
7f229c77e000-7f229c97e000 ---p 0002c000 08:06 1458858                    /usr/lib/jvm/java-8-oracle/jre/lib/amd64/libjava.so
7f229c97e000-7f229c97f000 r--p 0002c000 08:06 1458858                    /usr/lib/jvm/java-8-oracle/jre/lib/amd64/libjava.so
7f229c97f000-7f229c981000 rw-p 0002d000 08:06 1458858                    /usr/lib/jvm/java-8-oracle/jre/lib/amd64/libjava.so
7f229c981000-7f229c98e000 r-xp 00000000 08:06 1458863                    /usr/lib/jvm/java-8-oracle/jre/lib/amd64/libverify.so
7f229c98e000-7f229cb8d000 ---p 0000d000 08:06 1458863                    /usr/lib/jvm/java-8-oracle/jre/lib/amd64/libverify.so
7f229cb8d000-7f229cb8f000 r--p 0000c000 08:06 1458863                    /usr/lib/jvm/java-8-oracle/jre/lib/amd64/libverify.so
7f229cb8f000-7f229cb90000 rw-p 0000e000 08:06 1458863                    /usr/lib/jvm/java-8-oracle/jre/lib/amd64/libverify.so
7f229cb90000-7f229cb97000 r-xp 00000000 08:06 921805                     /lib/x86_64-linux-gnu/librt-2.27.so
7f229cb97000-7f229cd96000 ---p 00007000 08:06 921805                     /lib/x86_64-linux-gnu/librt-2.27.so
7f229cd96000-7f229cd97000 r--p 00006000 08:06 921805                     /lib/x86_64-linux-gnu/librt-2.27.so
7f229cd97000-7f229cd98000 rw-p 00007000 08:06 921805                     /lib/x86_64-linux-gnu/librt-2.27.so
7f229cd98000-7f229cf35000 r-xp 00000000 08:06 921727                     /lib/x86_64-linux-gnu/libm-2.27.so
7f229cf35000-7f229d134000 ---p 0019d000 08:06 921727                     /lib/x86_64-linux-gnu/libm-2.27.so
7f229d134000-7f229d135000 r--p 0019c000 08:06 921727                     /lib/x86_64-linux-gnu/libm-2.27.so
7f229d135000-7f229d136000 rw-p 0019d000 08:06 921727                     /lib/x86_64-linux-gnu/libm-2.27.so
7f229d136000-7f229de1e000 r-xp 00000000 08:06 1458886                    /usr/lib/jvm/java-8-oracle/jre/lib/amd64/server/libjvm.so
7f229de1e000-7f229e01d000 ---p 00ce8000 08:06 1458886                    /usr/lib/jvm/java-8-oracle/jre/lib/amd64/server/libjvm.so
7f229e01d000-7f229e0b3000 r--p 00ce7000 08:06 1458886                    /usr/lib/jvm/java-8-oracle/jre/lib/amd64/server/libjvm.so
7f229e0b3000-7f229e0e4000 rw-p 00d7d000 08:06 1458886                    /usr/lib/jvm/java-8-oracle/jre/lib/amd64/server/libjvm.so
7f229e0e4000-7f229e11f000 rw-p 00000000 00:00 0 
7f229e11f000-7f229e306000 r-xp 00000000 08:06 921664                     /lib/x86_64-linux-gnu/libc-2.27.so
7f229e306000-7f229e506000 ---p 001e7000 08:06 921664                     /lib/x86_64-linux-gnu/libc-2.27.so
7f229e506000-7f229e50a000 r--p 001e7000 08:06 921664                     /lib/x86_64-linux-gnu/libc-2.27.so
7f229e50a000-7f229e50c000 rw-p 001eb000 08:06 921664                     /lib/x86_64-linux-gnu/libc-2.27.so
7f229e50c000-7f229e510000 rw-p 00000000 00:00 0 
7f229e510000-7f229e513000 r-xp 00000000 08:06 921687                     /lib/x86_64-linux-gnu/libdl-2.27.so
7f229e513000-7f229e712000 ---p 00003000 08:06 921687                     /lib/x86_64-linux-gnu/libdl-2.27.so
7f229e712000-7f229e713000 r--p 00002000 08:06 921687                     /lib/x86_64-linux-gnu/libdl-2.27.so
7f229e713000-7f229e714000 rw-p 00003000 08:06 921687                     /lib/x86_64-linux-gnu/libdl-2.27.so
7f229e714000-7f229e72b000 r-xp 00000000 08:06 1458519                    /usr/lib/jvm/java-8-oracle/lib/amd64/jli/libjli.so
7f229e72b000-7f229e92a000 ---p 00017000 08:06 1458519                    /usr/lib/jvm/java-8-oracle/lib/amd64/jli/libjli.so
7f229e92a000-7f229e92b000 r--p 00016000 08:06 1458519                    /usr/lib/jvm/java-8-oracle/lib/amd64/jli/libjli.so
7f229e92b000-7f229e92c000 rw-p 00017000 08:06 1458519                    /usr/lib/jvm/java-8-oracle/lib/amd64/jli/libjli.so
7f229e92c000-7f229e946000 r-xp 00000000 08:06 921797                     /lib/x86_64-linux-gnu/libpthread-2.27.so
7f229e946000-7f229eb45000 ---p 0001a000 08:06 921797                     /lib/x86_64-linux-gnu/libpthread-2.27.so
7f229eb45000-7f229eb46000 r--p 00019000 08:06 921797                     /lib/x86_64-linux-gnu/libpthread-2.27.so
7f229eb46000-7f229eb47000 rw-p 0001a000 08:06 921797                     /lib/x86_64-linux-gnu/libpthread-2.27.so
7f229eb47000-7f229eb4b000 rw-p 00000000 00:00 0 
7f229eb4b000-7f229eb72000 r-xp 00000000 08:06 921636                     /lib/x86_64-linux-gnu/ld-2.27.so
7f229eb72000-7f229eb73000 r--s 0000a000 08:06 934144                     /home/gareki/netbeans-8.2/java/maven/lib/maven-embedder-3.0.5.jar
7f229eb73000-7f229eb75000 r--s 00026000 08:06 934162                     /home/gareki/netbeans-8.2/java/maven/lib/maven-model-3.0.5.jar
7f229eb75000-7f229eb77000 r--s 0000b000 08:06 934129                     /home/gareki/netbeans-8.2/java/maven/lib/maven-plugin-api-3.0.5.jar
7f229eb77000-7f229eb79000 r--s 0000d000 08:06 934085                     /home/gareki/netbeans-8.2/java/maven/lib/plexus-interpolation-1.14.jar
7f229eb79000-7f229eb7d000 r--s 00033000 08:06 934156                     /home/gareki/netbeans-8.2/java/maven/lib/plexus-utils-2.0.6.jar
7f229eb7d000-7f229eb7f000 r--s 0000b000 08:06 934116                     /home/gareki/netbeans-8.2/java/maven/lib/wagon-provider-api-2.10.jar
7f229eb7f000-7f229eb87000 r--s 00050000 08:06 934115                     /home/gareki/netbeans-8.2/java/maven/lib/sisu-guice-3.1.0-no_aop.jar
7f229eb87000-7f229eb8d000 r--s 0003f000 08:06 934159                     /home/gareki/netbeans-8.2/java/maven/lib/maven-compat-3.0.5.jar
7f229eb8d000-7f229ec57000 rw-p 00000000 00:00 0 
7f229ec57000-7f229ec58000 ---p 00000000 00:00 0 
7f229ec58000-7f229ec5b000 ---p 00000000 00:00 0 
7f229ec5b000-7f229ed5a000 rw-p 00000000 00:00 0 
7f229ed5a000-7f229ed5b000 r--s 00002000 08:06 934173                     /home/gareki/netbeans-8.2/java/maven/lib/wagon-file-2.10.jar
7f229ed5b000-7f229ed5c000 r--s 00006000 08:06 934084                     /home/gareki/netbeans-8.2/java/maven/lib/plexus-sec-dispatcher-1.3.jar
7f229ed5c000-7f229ed5e000 r--s 00000000 08:06 933814                     /home/gareki/netbeans-8.2/java/maven/lib/plexus-component-annotations-1.5.5.jar
7f229ed5e000-7f229ed62000 r--s 0001c000 08:06 934158                     /home/gareki/netbeans-8.2/java/maven/lib/aether-util-1.13.1.jar
7f229ed62000-7f229ed64000 r--s 00009000 08:06 934174                     /home/gareki/netbeans-8.2/java/maven/lib/commons-cli-1.2.jar
7f229ed64000-7f229ed66000 r--s 0000a000 08:06 934118                     /home/gareki/netbeans-8.2/java/maven/boot/plexus-classworlds-2.4.jar
7f229ed66000-7f229ed6e000 rw-s 00000000 08:06 1178298                    /tmp/hsperfdata_gareki/28981
7f229ed6e000-7f229ed6f000 rw-p 00000000 00:00 0 
7f229ed6f000-7f229ed70000 ---p 00000000 00:00 0 
7f229ed70000-7f229ed72000 rw-p 00000000 00:00 0 
7f229ed72000-7f229ed73000 r--p 00027000 08:06 921636                     /lib/x86_64-linux-gnu/ld-2.27.so
7f229ed73000-7f229ed74000 rw-p 00028000 08:06 921636                     /lib/x86_64-linux-gnu/ld-2.27.so
7f229ed74000-7f229ed75000 rw-p 00000000 00:00 0 
7fff04e1c000-7fff04e3d000 rw-p 00000000 00:00 0                          [stack]
7fff04f7d000-7fff04f80000 r--p 00000000 00:00 0                          [vvar]
7fff04f80000-7fff04f82000 r-xp 00000000 00:00 0                          [vdso]
ffffffffff600000-ffffffffff601000 r-xp 00000000 00:00 0                  [vsyscall]

VM Arguments:
jvm_args: -Dclassworlds.conf=/home/gareki/netbeans-8.2/java/maven/bin/m2.conf -Dmaven.home=/home/gareki/netbeans-8.2/java/maven 
java_command: org.codehaus.plexus.classworlds.launcher.Launcher -Dmaven.ext.class.path=/home/gareki/netbeans-8.2/java/maven-nblib/netbeans-eventspy.jar clean install
java_class_path (initial): /home/gareki/netbeans-8.2/java/maven/boot/plexus-classworlds-2.4.jar
Launcher Type: SUN_STANDARD

Environment Variables:
JAVA_HOME=/usr/lib/jvm/java-8-oracle
PATH=/home/gareki/pintos/src/utils:/usr/local/sbin:/usr/local/bin:/usr/sbin:/usr/bin:/sbin:/bin:/usr/games:/usr/local/games:/snap/bin:/usr/lib/jvm/java-8-oracle/bin:/usr/lib/jvm/java-8-oracle/db/bin:/usr/lib/jvm/java-8-oracle/jre/bin
USERNAME=gareki
LD_LIBRARY_PATH=/usr/lib/jvm/java-8-oracle/jre/lib/amd64:/usr/lib/jvm/java-8-oracle/jre/lib/i386:
SHELL=/bin/bash
DISPLAY=:0

Signal Handlers:
SIGSEGV: [libjvm.so+0xad3e60], sa_mask[0]=11111111011111111101111111111110, sa_flags=SA_RESTART|SA_SIGINFO
SIGBUS: [libjvm.so+0xad3e60], sa_mask[0]=11111111011111111101111111111110, sa_flags=SA_RESTART|SA_SIGINFO
SIGFPE: [libjvm.so+0x90b880], sa_mask[0]=11111111011111111101111111111110, sa_flags=SA_RESTART|SA_SIGINFO
SIGPIPE: [libjvm.so+0x90b880], sa_mask[0]=11111111011111111101111111111110, sa_flags=SA_RESTART|SA_SIGINFO
SIGXFSZ: [libjvm.so+0x90b880], sa_mask[0]=11111111011111111101111111111110, sa_flags=SA_RESTART|SA_SIGINFO
SIGILL: [libjvm.so+0x90b880], sa_mask[0]=11111111011111111101111111111110, sa_flags=SA_RESTART|SA_SIGINFO
SIGUSR1: SIG_DFL, sa_mask[0]=00000000000000000000000000000000, sa_flags=none
SIGUSR2: [libjvm.so+0x90b750], sa_mask[0]=00100000000000000000000000000000, sa_flags=SA_RESTART|SA_SIGINFO
SIGHUP: [libjvm.so+0x90bd70], sa_mask[0]=11111111011111111101111111111110, sa_flags=SA_RESTART|SA_SIGINFO
SIGINT: SIG_IGN, sa_mask[0]=00000000000000000000000000000000, sa_flags=none
SIGTERM: [libjvm.so+0x90bd70], sa_mask[0]=11111111011111111101111111111110, sa_flags=SA_RESTART|SA_SIGINFO
SIGQUIT: [libjvm.so+0x90bd70], sa_mask[0]=11111111011111111101111111111110, sa_flags=SA_RESTART|SA_SIGINFO


---------------  S Y S T E M  ---------------

OS:DISTRIB_ID=Ubuntu
DISTRIB_RELEASE=18.04
DISTRIB_CODENAME=bionic
DISTRIB_DESCRIPTION="Ubuntu 18.04.2 LTS"

uname:Linux 4.18.0-20-generic #21~18.04.1-Ubuntu SMP Wed May 8 08:43:37 UTC 2019 x86_64
libc:glibc 2.27 NPTL 2.27 
rlimit: STACK 8192k, CORE 0k, NPROC 30638, NOFILE 1048576, AS infinity
load average:1.73 1.23 1.15

/proc/meminfo:
MemTotal:        7921968 kB
MemFree:          131120 kB
MemAvailable:      42796 kB
Buffers:            7572 kB
Cached:           325368 kB
SwapCached:         5068 kB
Active:          6563600 kB
Inactive:         941732 kB
Active(anon):    6535304 kB
Inactive(anon):   913464 kB
Active(file):      28296 kB
Inactive(file):    28268 kB
Unevictable:          32 kB
Mlocked:              32 kB
SwapTotal:       1224736 kB
SwapFree:              0 kB
Dirty:              1416 kB
Writeback:             0 kB
AnonPages:       7167884 kB
Mapped:           174484 kB
Shmem:            276244 kB
Slab:             118580 kB
SReclaimable:      47140 kB
SUnreclaim:        71440 kB
KernelStack:       17856 kB
PageTables:        82760 kB
NFS_Unstable:          0 kB
Bounce:                0 kB
WritebackTmp:          0 kB
CommitLimit:     5185720 kB
Committed_AS:   14010476 kB
VmallocTotal:   34359738367 kB
VmallocUsed:           0 kB
VmallocChunk:          0 kB
HardwareCorrupted:     0 kB
AnonHugePages:         0 kB
ShmemHugePages:        0 kB
ShmemPmdMapped:        0 kB
CmaTotal:              0 kB
CmaFree:               0 kB
HugePages_Total:       0
HugePages_Free:        0
HugePages_Rsvd:        0
HugePages_Surp:        0
Hugepagesize:       2048 kB
Hugetlb:               0 kB
DirectMap4k:      239156 kB
DirectMap2M:     7901184 kB
DirectMap1G:           0 kB

container (cgroup) information:
container_type: cgroupv1
cpu_cpuset_cpus: 0-3
cpu_memory_nodes: 0
active_processor_count: 4
cpu_quota: -1
cpu_period: 100000
cpu_shares: -1
memory_limit_in_bytes: -1
memory_and_swap_limit_in_bytes: -2
memory_soft_limit_in_bytes: -1
memory_usage_in_bytes: 7682863104
memory_max_usage_in_bytes: 0


CPU:total 4 (initial active 4) (2 cores per cpu, 2 threads per core) family 6 model 142 stepping 9, cmov, cx8, fxsr, mmx, sse, sse2, sse3, ssse3, sse4.1, sse4.2, popcnt, avx, avx2, aes, clmul, erms, 3dnowpref, lzcnt, ht, tsc, tscinvbit, bmi1, bmi2, adx

/proc/cpuinfo:
processor	: 0
vendor_id	: GenuineIntel
cpu family	: 6
model		: 142
model name	: Intel(R) Core(TM) i5-7200U CPU @ 2.50GHz
stepping	: 9
microcode	: 0xb4
cpu MHz		: 3100.162
cache size	: 3072 KB
physical id	: 0
siblings	: 4
core id		: 0
cpu cores	: 2
apicid		: 0
initial apicid	: 0
fpu		: yes
fpu_exception	: yes
cpuid level	: 22
wp		: yes
flags		: fpu vme de pse tsc msr pae mce cx8 apic sep mtrr pge mca cmov pat pse36 clflush dts acpi mmx fxsr sse sse2 ss ht tm pbe syscall nx pdpe1gb rdtscp lm constant_tsc art arch_perfmon pebs bts rep_good nopl xtopology nonstop_tsc cpuid aperfmperf tsc_known_freq pni pclmulqdq dtes64 monitor ds_cpl vmx est tm2 ssse3 sdbg fma cx16 xtpr pdcm pcid sse4_1 sse4_2 x2apic movbe popcnt tsc_deadline_timer aes xsave avx f16c rdrand lahf_lm abm 3dnowprefetch cpuid_fault epb invpcid_single pti ssbd ibrs ibpb stibp tpr_shadow vnmi flexpriority ept vpid fsgsbase tsc_adjust bmi1 avx2 smep bmi2 erms invpcid mpx rdseed adx smap clflushopt intel_pt xsaveopt xsavec xgetbv1 xsaves dtherm ida arat pln pts hwp hwp_notify hwp_act_window hwp_epp md_clear flush_l1d
bugs		: cpu_meltdown spectre_v1 spectre_v2 spec_store_bypass l1tf mds
bogomips	: 5424.00
clflush size	: 64
cache_alignment	: 64
address sizes	: 39 bits physical, 48 bits virtual
power management:

processor	: 1
vendor_id	: GenuineIntel
cpu family	: 6
model		: 142
model name	: Intel(R) Core(TM) i5-7200U CPU @ 2.50GHz
stepping	: 9
microcode	: 0xb4
cpu MHz		: 3099.999
cache size	: 3072 KB
physical id	: 0
siblings	: 4
core id		: 1
cpu cores	: 2
apicid		: 2
initial apicid	: 2
fpu		: yes
fpu_exception	: yes
cpuid level	: 22
wp		: yes
flags		: fpu vme de pse tsc msr pae mce cx8 apic sep mtrr pge mca cmov pat pse36 clflush dts acpi mmx fxsr sse sse2 ss ht tm pbe syscall nx pdpe1gb rdtscp lm constant_tsc art arch_perfmon pebs bts rep_good nopl xtopology nonstop_tsc cpuid aperfmperf tsc_known_freq pni pclmulqdq dtes64 monitor ds_cpl vmx est tm2 ssse3 sdbg fma cx16 xtpr pdcm pcid sse4_1 sse4_2 x2apic movbe popcnt tsc_deadline_timer aes xsave avx f16c rdrand lahf_lm abm 3dnowprefetch cpuid_fault epb invpcid_single pti ssbd ibrs ibpb stibp tpr_shadow vnmi flexpriority ept vpid fsgsbase tsc_adjust bmi1 avx2 smep bmi2 erms invpcid mpx rdseed adx smap clflushopt intel_pt xsaveopt xsavec xgetbv1 xsaves dtherm ida arat pln pts hwp hwp_notify hwp_act_window hwp_epp md_clear flush_l1d
bugs		: cpu_meltdown spectre_v1 spectre_v2 spec_store_bypass l1tf mds
bogomips	: 5424.00
clflush size	: 64
cache_alignment	: 64
address sizes	: 39 bits physical, 48 bits virtual
power management:

processor	: 2
vendor_id	: GenuineIntel
cpu family	: 6
model		: 142
model name	: Intel(R) Core(TM) i5-7200U CPU @ 2.50GHz
stepping	: 9
microcode	: 0xb4
cpu MHz		: 3100.027
cache size	: 3072 KB
physical id	: 0
siblings	: 4
core id		: 0
cpu cores	: 2
apicid		: 1
initial apicid	: 1
fpu		: yes
fpu_exception	: yes
cpuid level	: 22
wp		: yes
flags		: fpu vme de pse tsc msr pae mce cx8 apic sep mtrr pge mca cmov pat pse36 clflush dts acpi mmx fxsr sse sse2 ss ht tm pbe syscall nx pdpe1gb rdtscp lm constant_tsc art arch_perfmon pebs bts rep_good nopl xtopology nonstop_tsc cpuid aperfmperf tsc_known_freq pni pclmulqdq dtes64 monitor ds_cpl vmx est tm2 ssse3 sdbg fma cx16 xtpr pdcm pcid sse4_1 sse4_2 x2apic movbe popcnt tsc_deadline_timer aes xsave avx f16c rdrand lahf_lm abm 3dnowprefetch cpuid_fault epb invpcid_single pti ssbd ibrs ibpb stibp tpr_shadow vnmi flexpriority ept vpid fsgsbase tsc_adjust bmi1 avx2 smep bmi2 erms invpcid mpx rdseed adx smap clflushopt intel_pt xsaveopt xsavec xgetbv1 xsaves dtherm ida arat pln pts hwp hwp_notify hwp_act_window hwp_epp md_clear flush_l1d
bugs		: cpu_meltdown spectre_v1 spectre_v2 spec_store_bypass l1tf mds
bogomips	: 5424.00
clflush size	: 64
cache_alignment	: 64
address sizes	: 39 bits physical, 48 bits virtual
power management:

processor	: 3
vendor_id	: GenuineIntel
cpu family	: 6
model		: 142
model name	: Intel(R) Core(TM) i5-7200U CPU @ 2.50GHz
stepping	: 9
microcode	: 0xb4
cpu MHz		: 3100.001
cache size	: 3072 KB
physical id	: 0
siblings	: 4
core id		: 1
cpu cores	: 2
apicid		: 3
initial apicid	: 3
fpu		: yes
fpu_exception	: yes
cpuid level	: 22
wp		: yes
flags		: fpu vme de pse tsc msr pae mce cx8 apic sep mtrr pge mca cmov pat pse36 clflush dts acpi mmx fxsr sse sse2 ss ht tm pbe syscall nx pdpe1gb rdtscp lm constant_tsc art arch_perfmon pebs bts rep_good nopl xtopology nonstop_tsc cpuid aperfmperf tsc_known_freq pni pclmulqdq dtes64 monitor ds_cpl vmx est tm2 ssse3 sdbg fma cx16 xtpr pdcm pcid sse4_1 sse4_2 x2apic movbe popcnt tsc_deadline_timer aes xsave avx f16c rdrand lahf_lm abm 3dnowprefetch cpuid_fault epb invpcid_single pti ssbd ibrs ibpb stibp tpr_shadow vnmi flexpriority ept vpid fsgsbase tsc_adjust bmi1 avx2 smep bmi2 erms invpcid mpx rdseed adx smap clflushopt intel_pt xsaveopt xsavec xgetbv1 xsaves dtherm ida arat pln pts hwp hwp_notify hwp_act_window hwp_epp md_clear flush_l1d
bugs		: cpu_meltdown spectre_v1 spectre_v2 spec_store_bypass l1tf mds
bogomips	: 5424.00
clflush size	: 64
cache_alignment	: 64
address sizes	: 39 bits physical, 48 bits virtual
power management:



Memory: 4k page, physical 7921968k(135656k free), swap 1224736k(0k free)

vm_info: Java HotSpot(TM) 64-Bit Server VM (25.201-b09) for linux-amd64 JRE (1.8.0_201-b09), built on Dec 15 2018 11:35:59 by "java_re" with gcc 7.3.0

time: Thu May 30 10:25:21 2019
timezone: CDT
elapsed time: 4 seconds (0d 0h 0m 4s)

