#
# There is insufficient memory for the Java Runtime Environment to continue.
# Native memory allocation (mmap) failed to map 137363456 bytes for committing reserved memory.
# Possible reasons:
#   The system is out of physical RAM or swap space
#   The process is running with CompressedOops enabled, and the Java Heap may be blocking the growth of the native heap
# Possible solutions:
#   Reduce memory load on the system
#   Increase physical memory or swap space
#   Check if swap backing store is full
#   Decrease Java heap size (-Xmx/-Xms)
#   Decrease number of Java threads
#   Decrease Java thread stack sizes (-Xss)
#   Set larger code cache with -XX:ReservedCodeCacheSize=
#   JVM is running with Unscaled Compressed Oops mode in which the Java heap is
#     placed in the first 4GB address space. The Java Heap base address is the
#     maximum limit for the native heap growth. Please use -XX:HeapBaseMinAddress
#     to set the Java Heap base and to place the Java Heap above 4GB virtual address.
# This output file may be truncated or incomplete.
#
#  Out of Memory Error (os_linux.cpp:2749), pid=29012, tid=0x00007f57183f3700
#
# JRE version: Java(TM) SE Runtime Environment (8.0_201-b09) (build 1.8.0_201-b09)
# Java VM: Java HotSpot(TM) 64-Bit Server VM (25.201-b09 mixed mode linux-amd64 compressed oops)
# Failed to write core dump. Core dumps have been disabled. To enable core dumping, try "ulimit -c unlimited" before starting Java again
#

---------------  T H R E A D  ---------------

Current thread (0x00007f5728079800):  VMThread [stack: 0x00007f57182f4000,0x00007f57183f4000] [id=29019]

Stack: [0x00007f57182f4000,0x00007f57183f4000],  sp=0x00007f57183f23c0,  free space=1016k
Native frames: (J=compiled Java code, j=interpreted, Vv=VM code, C=native code)
V  [libjvm.so+0xad3525]  VMError::report_and_die()+0x2e5
V  [libjvm.so+0x4e0457]  report_vm_out_of_memory(char const*, int, unsigned long, VMErrorType, char const*)+0x67
V  [libjvm.so+0x9102f0]  os::pd_commit_memory(char*, unsigned long, unsigned long, bool)+0x100
V  [libjvm.so+0x90791f]  os::commit_memory(char*, unsigned long, unsigned long, bool)+0x1f
V  [libjvm.so+0x98c806]  PSVirtualSpace::expand_by(unsigned long)+0x56
V  [libjvm.so+0x98da98]  PSYoungGen::resize(unsigned long, unsigned long)+0xd8
V  [libjvm.so+0x98a236]  PSScavenge::invoke_no_policy()+0x1376
V  [libjvm.so+0x982c59]  PSParallelCompact::invoke(bool)+0x49
V  [libjvm.so+0x45cb73]  CollectedHeap::collect_as_vm_thread(GCCause::Cause)+0x153
V  [libjvm.so+0xad45b1]  VM_CollectForMetadataAllocation::doit()+0x161
V  [libjvm.so+0xada296]  VM_Operation::evaluate()+0x46
V  [libjvm.so+0xad85cd]  VMThread::evaluate_operation(VM_Operation*) [clone .constprop.44]+0xcd
V  [libjvm.so+0xad8bb3]  VMThread::loop()+0x3a3
V  [libjvm.so+0xad8f88]  VMThread::run()+0x78
V  [libjvm.so+0x90d922]  java_start(Thread*)+0x102

VM_Operation (0x00007f573106eb50): CollectForMetadataAllocation, mode: safepoint, requested by thread 0x00007f572800b800


---------------  P R O C E S S  ---------------

Java Threads: ( => current thread )
  0x00007f5728774800 JavaThread "process reaper" daemon [_thread_blocked, id=29030, stack(0x00007f5718014000,0x00007f571804d000)]
  0x00007f57280ca000 JavaThread "Service Thread" daemon [_thread_blocked, id=29026, stack(0x00007f570b42f000,0x00007f570b530000)]
  0x00007f57280bf000 JavaThread "C1 CompilerThread2" daemon [_thread_blocked, id=29025, stack(0x00007f570b531000,0x00007f570b631000)]
  0x00007f57280bd000 JavaThread "C2 CompilerThread1" daemon [_thread_blocked, id=29024, stack(0x00007f571007e000,0x00007f571017e000)]
  0x00007f57280ba000 JavaThread "C2 CompilerThread0" daemon [_thread_blocked, id=29023, stack(0x00007f571017f000,0x00007f571027f000)]
  0x00007f57280b8800 JavaThread "Signal Dispatcher" daemon [_thread_blocked, id=29022, stack(0x00007f571027f000,0x00007f5710380000)]
  0x00007f5728085800 JavaThread "Finalizer" daemon [_thread_blocked, id=29021, stack(0x00007f57180f1000,0x00007f57181f2000)]
  0x00007f5728083000 JavaThread "Reference Handler" daemon [_thread_blocked, id=29020, stack(0x00007f57181f2000,0x00007f57182f3000)]
  0x00007f572800b800 JavaThread "main" [_thread_blocked, id=29014, stack(0x00007f5730f72000,0x00007f5731072000)]

Other Threads:
=>0x00007f5728079800 VMThread [stack: 0x00007f57182f4000,0x00007f57183f4000] [id=29019]
  0x00007f57280cc800 WatcherThread [stack: 0x00007f570b32f000,0x00007f570b42f000] [id=29027]

VM state:at safepoint (normal execution)

VM Mutex/Monitor currently owned by a thread:  ([mutex/lock_event])
[0x00007f5728007dc0] Threads_lock - owner thread: 0x00007f5728079800
[0x00007f57280082c0] Heap_lock - owner thread: 0x00007f572800b800
[0x00007f5728008840] MethodData_lock - owner thread: 0x00007f572800b800

heap address: 0x0000000087000000, size: 1936 MB, Compressed Oops mode: 32-bit
Narrow klass base: 0x0000000000000000, Narrow klass shift: 3
Compressed class space size: 1073741824 Address: 0x0000000100000000

Heap:
 PSYoungGen      total 134144K, used 9714K [0x00000000d7b00000, 0x00000000e0800000, 0x0000000100000000)
  eden space 124416K, 0% used [0x00000000d7b00000,0x00000000d7b00000,0x00000000df480000)
  from space 9728K, 99% used [0x00000000df480000,0x00000000dfdfc8e8,0x00000000dfe00000)
  to   space 9216K, 0% used [0x00000000dfe00000,0x00000000dfe00000,0x00000000e0700000)
 ParOldGen       total 83456K, used 15230K [0x0000000087000000, 0x000000008c180000, 0x00000000d7b00000)
  object space 83456K, 18% used [0x0000000087000000,0x0000000087edf840,0x000000008c180000)
 Metaspace       used 20631K, capacity 21074K, committed 21296K, reserved 1069056K
  class space    used 2420K, capacity 2565K, committed 2688K, reserved 1048576K

Card table byte_map: [0x00007f572d885000,0x00007f572dc4e000] byte_map_base: 0x00007f572d44d000

Marking Bits: (ParMarkBitMap*) 0x00007f573041bd80
 Begin Bits: [0x00007f5710380000, 0x00007f57121c0000)
 End Bits:   [0x00007f57121c0000, 0x00007f5714000000)

Polling page: 0x00007f5731089000

CodeCache: size=245760Kb used=12720Kb max_used=12720Kb free=233039Kb
 bounds [0x00007f5719000000, 0x00007f5719c80000, 0x00007f5728000000]
 total_blobs=4189 nmethods=3816 adapters=286
 compilation: enabled

Compilation events (10 events):
Event: 3.210 Thread 0x00007f57280bf000 nmethod 3830 0x00007f5719c709d0 code [0x00007f5719c70b40, 0x00007f5719c70d08]
Event: 3.210 Thread 0x00007f57280bf000 3832       3       com.sun.tools.javac.comp.TransTypes::coerce (54 bytes)
Event: 3.210 Thread 0x00007f57280bf000 nmethod 3832 0x00007f5719c70dd0 code [0x00007f5719c70f80, 0x00007f5719c71468]
Event: 3.210 Thread 0x00007f57280bf000 3833       3       com.sun.tools.javac.code.Type::baseType (2 bytes)
Event: 3.210 Thread 0x00007f57280bf000 nmethod 3833 0x00007f5719c71650 code [0x00007f5719c717a0, 0x00007f5719c718f0]
Event: 3.210 Thread 0x00007f57280bf000 3831       3       com.sun.tools.javac.tree.TreeScanner::visitApply (25 bytes)
Event: 3.211 Thread 0x00007f57280bf000 nmethod 3831 0x00007f5719c71990 code [0x00007f5719c71b80, 0x00007f5719c72728]
Event: 3.211 Thread 0x00007f57280bf000 3837       3       com.sun.tools.javac.comp.Lower::needsPrivateAccess (66 bytes)
Event: 3.211 Thread 0x00007f57280bf000 nmethod 3837 0x00007f5719c72a90 code [0x00007f5719c72c20, 0x00007f5719c73058]
Event: 3.211 Thread 0x00007f57280bf000 3840       3       com.sun.tools.javac.jvm.Gen::checkDimension (122 bytes)

GC Heap History (10 events):
Event: 1.202 GC heap after
Heap after GC invocations=2 (full 0):
 PSYoungGen      total 36352K, used 5115K [0x00000000d7b00000, 0x00000000dc200000, 0x0000000100000000)
  eden space 31232K, 0% used [0x00000000d7b00000,0x00000000d7b00000,0x00000000d9980000)
  from space 5120K, 99% used [0x00000000d9e80000,0x00000000da37ec00,0x00000000da380000)
  to   space 5120K, 0% used [0x00000000d9980000,0x00000000d9980000,0x00000000d9e80000)
 ParOldGen       total 83456K, used 1493K [0x0000000087000000, 0x000000008c180000, 0x00000000d7b00000)
  object space 83456K, 1% used [0x0000000087000000,0x0000000087175418,0x000000008c180000)
 Metaspace       used 12937K, capacity 13266K, committed 13568K, reserved 1060864K
  class space    used 1592K, capacity 1692K, committed 1792K, reserved 1048576K
}
Event: 1.515 GC heap before
{Heap before GC invocations=3 (full 0):
 PSYoungGen      total 36352K, used 36347K [0x00000000d7b00000, 0x00000000dc200000, 0x0000000100000000)
  eden space 31232K, 100% used [0x00000000d7b00000,0x00000000d9980000,0x00000000d9980000)
  from space 5120K, 99% used [0x00000000d9e80000,0x00000000da37ec00,0x00000000da380000)
  to   space 5120K, 0% used [0x00000000d9980000,0x00000000d9980000,0x00000000d9e80000)
 ParOldGen       total 83456K, used 1493K [0x0000000087000000, 0x000000008c180000, 0x00000000d7b00000)
  object space 83456K, 1% used [0x0000000087000000,0x0000000087175418,0x000000008c180000)
 Metaspace       used 13425K, capacity 13816K, committed 14080K, reserved 1060864K
  class space    used 1629K, capacity 1764K, committed 1792K, reserved 1048576K
Event: 1.522 GC heap after
Heap after GC invocations=3 (full 0):
 PSYoungGen      total 36352K, used 5088K [0x00000000d7b00000, 0x00000000dc200000, 0x0000000100000000)
  eden space 31232K, 0% used [0x00000000d7b00000,0x00000000d7b00000,0x00000000d9980000)
  from space 5120K, 99% used [0x00000000d9980000,0x00000000d9e78020,0x00000000d9e80000)
  to   space 5120K, 0% used [0x00000000dbd00000,0x00000000dbd00000,0x00000000dc200000)
 ParOldGen       total 83456K, used 2263K [0x0000000087000000, 0x000000008c180000, 0x00000000d7b00000)
  object space 83456K, 2% used [0x0000000087000000,0x0000000087235cf0,0x000000008c180000)
 Metaspace       used 13425K, capacity 13816K, committed 14080K, reserved 1060864K
  class space    used 1629K, capacity 1764K, committed 1792K, reserved 1048576K
}
Event: 1.757 GC heap before
{Heap before GC invocations=4 (full 0):
 PSYoungGen      total 36352K, used 36320K [0x00000000d7b00000, 0x00000000dc200000, 0x0000000100000000)
  eden space 31232K, 100% used [0x00000000d7b00000,0x00000000d9980000,0x00000000d9980000)
  from space 5120K, 99% used [0x00000000d9980000,0x00000000d9e78020,0x00000000d9e80000)
  to   space 5120K, 0% used [0x00000000dbd00000,0x00000000dbd00000,0x00000000dc200000)
 ParOldGen       total 83456K, used 2263K [0x0000000087000000, 0x000000008c180000, 0x00000000d7b00000)
  object space 83456K, 2% used [0x0000000087000000,0x0000000087235cf0,0x000000008c180000)
 Metaspace       used 13781K, capacity 14136K, committed 14336K, reserved 1062912K
  class space    used 1647K, capacity 1764K, committed 1792K, reserved 1048576K
Event: 1.763 GC heap after
Heap after GC invocations=4 (full 0):
 PSYoungGen      total 67584K, used 5104K [0x00000000d7b00000, 0x00000000dc200000, 0x0000000100000000)
  eden space 62464K, 0% used [0x00000000d7b00000,0x00000000d7b00000,0x00000000db800000)
  from space 5120K, 99% used [0x00000000dbd00000,0x00000000dc1fc030,0x00000000dc200000)
  to   space 5120K, 0% used [0x00000000db800000,0x00000000db800000,0x00000000dbd00000)
 ParOldGen       total 83456K, used 3588K [0x0000000087000000, 0x000000008c180000, 0x00000000d7b00000)
  object space 83456K, 4% used [0x0000000087000000,0x0000000087381350,0x000000008c180000)
 Metaspace       used 13781K, capacity 14136K, committed 14336K, reserved 1062912K
  class space    used 1647K, capacity 1764K, committed 1792K, reserved 1048576K
}
Event: 2.261 GC heap before
{Heap before GC invocations=5 (full 0):
 PSYoungGen      total 67584K, used 67568K [0x00000000d7b00000, 0x00000000dc200000, 0x0000000100000000)
  eden space 62464K, 100% used [0x00000000d7b00000,0x00000000db800000,0x00000000db800000)
  from space 5120K, 99% used [0x00000000dbd00000,0x00000000dc1fc030,0x00000000dc200000)
  to   space 5120K, 0% used [0x00000000db800000,0x00000000db800000,0x00000000dbd00000)
 ParOldGen       total 83456K, used 3588K [0x0000000087000000, 0x000000008c180000, 0x00000000d7b00000)
  object space 83456K, 4% used [0x0000000087000000,0x0000000087381350,0x000000008c180000)
 Metaspace       used 14960K, capacity 15470K, committed 15744K, reserved 1062912K
  class space    used 1771K, capacity 1909K, committed 1920K, reserved 1048576K
Event: 2.276 GC heap after
Heap after GC invocations=5 (full 0):
 PSYoungGen      total 67584K, used 5104K [0x00000000d7b00000, 0x00000000e0700000, 0x0000000100000000)
  eden space 62464K, 0% used [0x00000000d7b00000,0x00000000d7b00000,0x00000000db800000)
  from space 5120K, 99% used [0x00000000db800000,0x00000000dbcfc010,0x00000000dbd00000)
  to   space 9216K, 0% used [0x00000000dfe00000,0x00000000dfe00000,0x00000000e0700000)
 ParOldGen       total 83456K, used 7471K [0x0000000087000000, 0x000000008c180000, 0x00000000d7b00000)
  object space 83456K, 8% used [0x0000000087000000,0x000000008774bca8,0x000000008c180000)
 Metaspace       used 14960K, capacity 15470K, committed 15744K, reserved 1062912K
  class space    used 1771K, capacity 1909K, committed 1920K, reserved 1048576K
}
Event: 2.629 GC heap before
{Heap before GC invocations=6 (full 0):
 PSYoungGen      total 67584K, used 67544K [0x00000000d7b00000, 0x00000000e0700000, 0x0000000100000000)
  eden space 62464K, 99% used [0x00000000d7b00000,0x00000000db7fa2c8,0x00000000db800000)
  from space 5120K, 99% used [0x00000000db800000,0x00000000dbcfc010,0x00000000dbd00000)
  to   space 9216K, 0% used [0x00000000dfe00000,0x00000000dfe00000,0x00000000e0700000)
 ParOldGen       total 83456K, used 7471K [0x0000000087000000, 0x000000008c180000, 0x00000000d7b00000)
  object space 83456K, 8% used [0x0000000087000000,0x000000008774bca8,0x000000008c180000)
 Metaspace       used 18752K, capacity 19250K, committed 19328K, reserved 1067008K
  class space    used 2265K, capacity 2405K, committed 2432K, reserved 1048576K
Event: 2.645 GC heap after
Heap after GC invocations=6 (full 0):
 PSYoungGen      total 133632K, used 7919K [0x00000000d7b00000, 0x00000000e0800000, 0x0000000100000000)
  eden space 124416K, 0% used [0x00000000d7b00000,0x00000000d7b00000,0x00000000df480000)
  from space 9216K, 85% used [0x00000000dfe00000,0x00000000e05bbcc0,0x00000000e0700000)
  to   space 9728K, 0% used [0x00000000df480000,0x00000000df480000,0x00000000dfe00000)
 ParOldGen       total 83456K, used 7479K [0x0000000087000000, 0x000000008c180000, 0x00000000d7b00000)
  object space 83456K, 8% used [0x0000000087000000,0x000000008774dca8,0x000000008c180000)
 Metaspace       used 18752K, capacity 19250K, committed 19328K, reserved 1067008K
  class space    used 2265K, capacity 2405K, committed 2432K, reserved 1048576K
}
Event: 3.212 GC heap before
{Heap before GC invocations=7 (full 0):
 PSYoungGen      total 133632K, used 46532K [0x00000000d7b00000, 0x00000000e0800000, 0x0000000100000000)
  eden space 124416K, 31% used [0x00000000d7b00000,0x00000000da0b5410,0x00000000df480000)
  from space 9216K, 85% used [0x00000000dfe00000,0x00000000e05bbcc0,0x00000000e0700000)
  to   space 9728K, 0% used [0x00000000df480000,0x00000000df480000,0x00000000dfe00000)
 ParOldGen       total 83456K, used 7479K [0x0000000087000000, 0x000000008c180000, 0x00000000d7b00000)
  object space 83456K, 8% used [0x0000000087000000,0x000000008774dca8,0x000000008c180000)
 Metaspace       used 20631K, capacity 21074K, committed 21296K, reserved 1069056K
  class space    used 2420K, capacity 2565K, committed 2688K, reserved 1048576K

Deoptimization events (10 events):
Event: 2.674 Thread 0x00007f572800b800 Uncommon trap: reason=unstable_if action=reinterpret pc=0x00007f5719829cb0 method=java.nio.charset.CharsetDecoder.decode(Ljava/nio/ByteBuffer;Ljava/nio/CharBuffer;Z)Ljava/nio/charset/CoderResult; @ 1
Event: 2.690 Thread 0x00007f572800b800 Uncommon trap: reason=unstable_if action=reinterpret pc=0x00007f57192f9b60 method=java.lang.CharacterDataLatin1.isWhitespace(I)Z @ 14
Event: 2.916 Thread 0x00007f572800b800 Uncommon trap: reason=unstable_if action=reinterpret pc=0x00007f5719a7aa2c method=com.sun.tools.javac.util.Name$Table.equals([BI[BII)Z @ 22
Event: 3.035 Thread 0x00007f572800b800 Uncommon trap: reason=bimorphic action=maybe_recompile pc=0x00007f57196acf7c method=java.util.HashMap.putVal(ILjava/lang/Object;Ljava/lang/Object;ZZ)Ljava/lang/Object; @ 253
Event: 3.038 Thread 0x00007f572800b800 Uncommon trap: reason=bimorphic action=maybe_recompile pc=0x00007f57196acf7c method=java.util.HashMap.putVal(ILjava/lang/Object;Ljava/lang/Object;ZZ)Ljava/lang/Object; @ 253
Event: 3.052 Thread 0x00007f572800b800 Uncommon trap: reason=unstable_if action=reinterpret pc=0x00007f5719b43da4 method=com.sun.tools.javac.util.Convert.chars2utf([CI[BII)I @ 35
Event: 3.052 Thread 0x00007f572800b800 Uncommon trap: reason=unstable_if action=reinterpret pc=0x00007f5719a4653c method=com.sun.tools.javac.util.Convert.chars2utf([CI[BII)I @ 35
Event: 3.075 Thread 0x00007f572800b800 Uncommon trap: reason=unstable_if action=reinterpret pc=0x00007f5719b4bdd0 method=com.sun.tools.javac.code.Scope.dble()V @ 44
Event: 3.114 Thread 0x00007f572800b800 Uncommon trap: reason=unstable_if action=reinterpret pc=0x00007f5719a4601c method=com.sun.tools.javac.util.IntHashTable.lookup(Ljava/lang/Object;I)I @ 67
Event: 3.211 Thread 0x00007f572800b800 Uncommon trap: reason=unstable_if action=reinterpret pc=0x00007f5719c172e8 method=java.lang.Integer.valueOf(I)Ljava/lang/Integer; @ 3

Classes redefined (0 events):
No events

Internal exceptions (10 events):
Event: 1.275 Thread 0x00007f572800b800 Implicit null exception at 0x00007f57193ad0f5 to 0x00007f57193ad2d9
Event: 1.275 Thread 0x00007f572800b800 Implicit null exception at 0x00007f57192f63af to 0x00007f57192f6419
Event: 1.537 Thread 0x00007f572800b800 Implicit null exception at 0x00007f571937b97b to 0x00007f571937bf4d
Event: 1.670 Thread 0x00007f572800b800 Implicit null exception at 0x00007f571968cdc9 to 0x00007f571968d8f5
Event: 2.118 Thread 0x00007f572800b800 Exception <a 'java/lang/NoClassDefFoundError': org/slf4j/Logger> (0x00000000dab99760) thrown at [/HUDSON/workspace/8-2-build-linux-amd64/jdk8u201/12317/hotspot/src/share/vm/oops/constantPool.cpp, line 245]
Event: 2.228 Thread 0x00007f572800b800 Exception <a 'java/lang/NoClassDefFoundError': org/slf4j/Logger> (0x00000000db5d8680) thrown at [/HUDSON/workspace/8-2-build-linux-amd64/jdk8u201/12317/hotspot/src/share/vm/oops/constantPool.cpp, line 245]
Event: 2.377 Thread 0x00007f572800b800 Exception <a 'java/lang/NoClassDefFoundError': org/slf4j/Logger> (0x00000000d8d38b68) thrown at [/HUDSON/workspace/8-2-build-linux-amd64/jdk8u201/12317/hotspot/src/share/vm/oops/constantPool.cpp, line 245]
Event: 2.425 Thread 0x00007f572800b800 Exception <a 'java/lang/ClassNotFoundException': com/sun/tools/javac/api/JavacTool> (0x00000000d9177be0) thrown at [/HUDSON/workspace/8-2-build-linux-amd64/jdk8u201/12317/hotspot/src/share/vm/classfile/systemDictionary.cpp, line 210]
Event: 2.810 Thread 0x00007f572800b800 Exception <a 'java/io/FileNotFoundException'> (0x00000000d88f24d8) thrown at [/HUDSON/workspace/8-2-build-linux-amd64/jdk8u201/12317/hotspot/src/share/vm/prims/jni.cpp, line 709]
Event: 2.812 Thread 0x00007f572800b800 Exception <a 'java/io/FileNotFoundException'> (0x00000000d8927968) thrown at [/HUDSON/workspace/8-2-build-linux-amd64/jdk8u201/12317/hotspot/src/share/vm/prims/jni.cpp, line 709]

Events (10 events):
Event: 3.114 Thread 0x00007f572800b800 DEOPT PACKING pc=0x00007f5719a4601c sp=0x00007f573106f030
Event: 3.114 Thread 0x00007f572800b800 DEOPT UNPACKING pc=0x00007f571904573a sp=0x00007f573106efc0 mode 2
Event: 3.181 loading class com/sun/tools/javac/comp/Check$9
Event: 3.181 loading class com/sun/tools/javac/comp/Check$9 done
Event: 3.190 Executing VM operation: ForceSafepoint
Event: 3.191 Executing VM operation: ForceSafepoint done
Event: 3.211 Thread 0x00007f572800b800 Uncommon trap: trap_request=0xffffff65 fr.pc=0x00007f5719c172e8
Event: 3.211 Thread 0x00007f572800b800 DEOPT PACKING pc=0x00007f5719c172e8 sp=0x00007f573106e6c0
Event: 3.211 Thread 0x00007f572800b800 DEOPT UNPACKING pc=0x00007f571904573a sp=0x00007f573106e680 mode 2
Event: 3.211 Executing VM operation: CollectForMetadataAllocation


Dynamic libraries:
00400000-00401000 r-xp 00000000 08:06 1446908                            /usr/lib/jvm/java-8-oracle/bin/java
00600000-00601000 r--p 00000000 08:06 1446908                            /usr/lib/jvm/java-8-oracle/bin/java
00601000-00602000 rw-p 00001000 08:06 1446908                            /usr/lib/jvm/java-8-oracle/bin/java
00c61000-00c82000 rw-p 00000000 00:00 0                                  [heap]
87000000-8c180000 rw-p 00000000 00:00 0 
8c180000-d7b00000 ---p 00000000 00:00 0 
d7b00000-e0800000 rw-p 00000000 00:00 0 
e8b00000-100000000 ---p 00000000 00:00 0 
100000000-1002a0000 rw-p 00000000 00:00 0 
1002a0000-140000000 ---p 00000000 00:00 0 
7f56d4000000-7f56d4021000 rw-p 00000000 00:00 0 
7f56d4021000-7f56d8000000 ---p 00000000 00:00 0 
7f56d8fff000-7f56dc000000 rw-p 00000000 00:00 0 
7f56dc000000-7f56dc021000 rw-p 00000000 00:00 0 
7f56dc021000-7f56e0000000 ---p 00000000 00:00 0 
7f56e0000000-7f56e0021000 rw-p 00000000 00:00 0 
7f56e0021000-7f56e4000000 ---p 00000000 00:00 0 
7f56e4000000-7f56e4bb6000 rw-p 00000000 00:00 0 
7f56e4bb6000-7f56e8000000 ---p 00000000 00:00 0 
7f56e8000000-7f56e8f66000 rw-p 00000000 00:00 0 
7f56e8f66000-7f56ec000000 ---p 00000000 00:00 0 
7f56ec000000-7f56ec021000 rw-p 00000000 00:00 0 
7f56ec021000-7f56f0000000 ---p 00000000 00:00 0 
7f56f0000000-7f56f0b22000 rw-p 00000000 00:00 0 
7f56f0b22000-7f56f4000000 ---p 00000000 00:00 0 
7f56f4000000-7f56f4021000 rw-p 00000000 00:00 0 
7f56f4021000-7f56f8000000 ---p 00000000 00:00 0 
7f56f8000000-7f56f8021000 rw-p 00000000 00:00 0 
7f56f8021000-7f56fc000000 ---p 00000000 00:00 0 
7f56fc000000-7f56fc021000 rw-p 00000000 00:00 0 
7f56fc021000-7f5700000000 ---p 00000000 00:00 0 
7f5700000000-7f570029b000 rw-p 00000000 00:00 0 
7f570029b000-7f5704000000 ---p 00000000 00:00 0 
7f5704000000-7f5704021000 rw-p 00000000 00:00 0 
7f5704021000-7f5708000000 ---p 00000000 00:00 0 
7f570a108000-7f570a134000 rw-p 00000000 00:00 0 
7f570a134000-7f570a308000 ---p 00000000 00:00 0 
7f570a308000-7f570a30f000 r--s 00000000 08:06 263861                     /usr/lib/x86_64-linux-gnu/gconv/gconv-modules.cache
7f570a30f000-7f570a333000 r--p 00000000 08:06 400441                     /usr/share/locale-langpack/es/LC_MESSAGES/libc.mo
7f570a333000-7f570a335000 r--s 00003000 08:06 1845                       /home/gareki/.m2/repository/com/google/code/findbugs/jsr305/3.0.1/jsr305-3.0.1.jar
7f570a335000-7f570a336000 r--s 00003000 08:06 1846                       /home/gareki/.m2/repository/com/github/bbottema/emailaddress-rfc2822/1.0.1/emailaddress-rfc2822-1.0.1.jar
7f570a336000-7f570a338000 r--s 0000e000 08:06 150489                     /home/gareki/.m2/repository/javax/activation/activation/1.1/activation-1.1.jar
7f570a338000-7f570a341000 r--s 00097000 08:06 152209                     /home/gareki/.m2/repository/com/sun/mail/javax.mail/1.6.0/javax.mail-1.6.0.jar
7f570a341000-7f570a343000 r--s 00009000 08:06 1576799                    /home/gareki/.m2/repository/org/slf4j/slf4j-api/1.7.21/slf4j-api-1.7.21.jar
7f570a343000-7f570a347000 r--s 00028000 08:06 942134                     /home/gareki/.m2/repository/org/simplejavamail/simple-java-mail/5.0.1/simple-java-mail-5.0.1.jar
7f570a347000-7f570a34d000 r--s 0007d000 08:06 1323341                    /home/gareki/.m2/repository/org/postgresql/postgresql/9.3-1100-jdbc3/postgresql-9.3-1100-jdbc3.jar
7f570a34d000-7f570a36f000 r--s 00120000 08:06 1323355                    /home/gareki/.m2/repository/javax/javaee-web-api/7.0/javaee-web-api-7.0.jar
7f570a36f000-7f570a377000 r--s 0006e000 08:06 1059504                    /home/gareki/.m2/repository/org/apache/commons/commons-lang3/3.5/commons-lang3-3.5.jar
7f570a377000-7f570a37c000 r--s 00034000 08:06 1323160                    /home/gareki/.m2/repository/com/google/code/gson/gson/2.8.2/gson-2.8.2.jar
7f570a37c000-7f570a38e000 r--s 002ca000 08:06 1323159                    /home/gareki/.m2/repository/org/primefaces/extensions/primefaces-extensions/6.2.2/primefaces-extensions-6.2.2.jar
7f570a38e000-7f570a3bd000 r--s 003e4000 08:06 1323360                    /home/gareki/.m2/repository/org/primefaces/primefaces/6.2/primefaces-6.2.jar
7f570a3bd000-7f570a3e6000 r--s 002d2000 08:06 1323342                    /home/gareki/.m2/repository/org/glassfish/javax.faces/2.2.7/javax.faces-2.2.7.jar
7f570a3e6000-7f570a3eb000 r--s 00017000 08:06 1184430                    /home/gareki/.m2/repository/org/hibernate/javax/persistence/hibernate-jpa-2.1-api/1.0.0.Final/hibernate-jpa-2.1-api-1.0.0.Final.jar
7f570a3eb000-7f570a3f5000 r--s 000a5000 08:06 1184429                    /home/gareki/.m2/repository/org/javassist/javassist/3.18.1-GA/javassist-3.18.1-GA.jar
7f570a3f5000-7f570a3f6000 r--s 00006000 08:06 1184426                    /home/gareki/.m2/repository/org/jboss/spec/javax/transaction/jboss-transaction-api_1.2_spec/1.0.0.Final/jboss-transaction-api_1.2_spec-1.0.0.Final.jar
7f570a3f6000-7f570a3f9000 r--s 00010000 08:06 1184425                    /home/gareki/.m2/repository/org/hibernate/common/hibernate-commons-annotations/4.0.4.Final/hibernate-commons-annotations-4.0.4.Final.jar
7f570a3f9000-7f570a3fe000 r--s 00048000 08:06 935112                     /home/gareki/.m2/repository/dom4j/dom4j/1.6.1/dom4j-1.6.1.jar
7f570a3fe000-7f570a400000 r--s 00011000 08:06 1323118                    /home/gareki/.m2/repository/org/jboss/jandex/1.1.0.Final/jandex-1.1.0.Final.jar
7f570a400000-7f570a405000 r--s 00068000 08:06 1323117                    /home/gareki/.m2/repository/antlr/antlr/2.7.7/antlr-2.7.7.jar
7f570a405000-7f570a463000 r--s 0049c000 08:06 1059506                    /home/gareki/.m2/repository/org/hibernate/hibernate-core/4.3.1.Final/hibernate-core-4.3.1.Final.jar
7f570a463000-7f570a465000 r--s 0000c000 08:06 1059496                    /home/gareki/.m2/repository/org/jboss/logging/jboss-logging/3.1.3.GA/jboss-logging-3.1.3.GA.jar
7f570a465000-7f570a473000 r--s 00090000 08:06 1059495                    /home/gareki/.m2/repository/org/hibernate/hibernate-entitymanager/4.3.1.Final/hibernate-entitymanager-4.3.1.Final.jar
7f570a473000-7f570a673000 rw-p 00000000 00:00 0 
7f570a673000-7f570a873000 rw-p 00000000 00:00 0 
7f570a873000-7f570a8ec000 r--s 010fd000 08:06 1447016                    /usr/lib/jvm/java-8-oracle/lib/tools.jar
7f570a8ec000-7f570a8ef000 r--s 0001b000 08:06 1324420                    /home/gareki/.m2/repository/junit/junit/3.8.2/junit-3.8.2.jar
7f570a8ef000-7f570a8fd000 r--s 0008f000 08:06 1324419                    /home/gareki/.m2/repository/com/google/collections/google-collections/1.0/google-collections-1.0.jar
7f570a8fd000-7f570a904000 r--s 00051000 08:06 1324415                    /home/gareki/.m2/repository/log4j/log4j/1.2.12/log4j-1.2.12.jar
7f570a904000-7f570ab04000 rw-p 00000000 00:00 0 
7f570ab04000-7f570ab15000 r-xp 00000000 08:06 1458871                    /usr/lib/jvm/java-8-oracle/jre/lib/amd64/libnio.so
7f570ab15000-7f570ad14000 ---p 00011000 08:06 1458871                    /usr/lib/jvm/java-8-oracle/jre/lib/amd64/libnio.so
7f570ad14000-7f570ad15000 r--p 00010000 08:06 1458871                    /usr/lib/jvm/java-8-oracle/jre/lib/amd64/libnio.so
7f570ad15000-7f570ad16000 rw-p 00011000 08:06 1458871                    /usr/lib/jvm/java-8-oracle/jre/lib/amd64/libnio.so
7f570ad16000-7f570ad2c000 r-xp 00000000 08:06 1458868                    /usr/lib/jvm/java-8-oracle/jre/lib/amd64/libnet.so
7f570ad2c000-7f570af2c000 ---p 00016000 08:06 1458868                    /usr/lib/jvm/java-8-oracle/jre/lib/amd64/libnet.so
7f570af2c000-7f570af2d000 r--p 00016000 08:06 1458868                    /usr/lib/jvm/java-8-oracle/jre/lib/amd64/libnet.so
7f570af2d000-7f570af2e000 rw-p 00017000 08:06 1458868                    /usr/lib/jvm/java-8-oracle/jre/lib/amd64/libnet.so
7f570af2e000-7f570b12e000 rw-p 00000000 00:00 0 
7f570b12e000-7f570b32e000 rw-p 00000000 00:00 0 
7f570b32e000-7f570b32f000 ---p 00000000 00:00 0 
7f570b32f000-7f570b42f000 rw-p 00000000 00:00 0 
7f570b42f000-7f570b432000 ---p 00000000 00:00 0 
7f570b432000-7f570b530000 rw-p 00000000 00:00 0 
7f570b530000-7f570b531000 ---p 00000000 00:00 0 
7f570b531000-7f570b534000 ---p 00000000 00:00 0 
7f570b534000-7f570b631000 rw-p 00000000 00:00 0 
7f570b631000-7f570c000000 r--p 00000000 08:06 1445738                    /usr/lib/locale/locale-archive
7f570c000000-7f570c021000 rw-p 00000000 00:00 0 
7f570c021000-7f5710000000 ---p 00000000 00:00 0 
7f5710000000-7f5710001000 r--s 00002000 08:06 1059497                    /home/gareki/.m2/repository/org/jboss/logging/jboss-logging-annotations/1.2.0.Beta1/jboss-logging-annotations-1.2.0.Beta1.jar
7f5710001000-7f5710002000 r--s 0000a000 08:06 1324416                    /home/gareki/.m2/repository/commons-logging/commons-logging-api/1.1/commons-logging-api-1.1.jar
7f5710002000-7f5710006000 r--s 0001d000 08:06 935222                     /home/gareki/.m2/repository/org/apache/xbean/xbean-reflect/3.4/xbean-reflect-3.4.jar
7f5710006000-7f5710007000 r--s 00004000 08:06 1324411                    /home/gareki/.m2/repository/org/codehaus/plexus/plexus-compiler-javac/2.2/plexus-compiler-javac-2.2.jar
7f5710007000-7f5710009000 r--s 00000000 08:06 1324410                    /home/gareki/.m2/repository/org/codehaus/plexus/plexus-compiler-manager/2.2/plexus-compiler-manager-2.2.jar
7f5710009000-7f571000b000 r--s 00005000 08:06 1324406                    /home/gareki/.m2/repository/org/codehaus/plexus/plexus-compiler-api/2.2/plexus-compiler-api-2.2.jar
7f571000b000-7f571000d000 r--s 00002000 08:06 1324405                    /home/gareki/.m2/repository/org/apache/maven/shared/maven-shared-incremental/1.1/maven-shared-incremental-1.1.jar
7f571000d000-7f571000f000 r--s 00006000 08:06 1324404                    /home/gareki/.m2/repository/com/google/code/findbugs/jsr305/2.0.1/jsr305-2.0.1.jar
7f571000f000-7f5710012000 r--s 00023000 08:06 1324407                    /home/gareki/.m2/repository/org/apache/maven/shared/maven-shared-utils/0.1/maven-shared-utils-0.1.jar
7f5710012000-7f5710016000 r--s 00030000 08:06 1324403                    /home/gareki/.m2/repository/org/codehaus/plexus/plexus-utils/1.5.1/plexus-utils-1.5.1.jar
7f5710016000-7f5710018000 r--s 00009000 08:06 1059380                    /home/gareki/.m2/repository/org/apache/maven/plugins/maven-compiler-plugin/3.1/maven-compiler-plugin-3.1.jar
7f5710018000-7f571001a000 r--s 0000d000 08:06 1324185                    /home/gareki/.m2/repository/org/codehaus/plexus/plexus-interpolation/1.13/plexus-interpolation-1.13.jar
7f571001a000-7f571001b000 r--s 00001000 08:06 1324183                    /home/gareki/.m2/repository/org/sonatype/plexus/plexus-build-api/0.0.4/plexus-build-api-0.0.4.jar
7f571001b000-7f571001d000 r--s 00009000 08:06 1324184                    /home/gareki/.m2/repository/org/apache/maven/shared/maven-filtering/1.0/maven-filtering-1.0.jar
7f571001d000-7f5710021000 r--s 00033000 08:06 1323400                    /home/gareki/.m2/repository/org/codehaus/plexus/plexus-utils/2.0.5/plexus-utils-2.0.5.jar
7f5710021000-7f5710022000 r--s 00001000 08:06 1324182                    /home/gareki/.m2/repository/org/apache/maven/doxia/doxia-sink-api/1.0-alpha-7/doxia-sink-api-1.0-alpha-7.jar
7f5710022000-7f5710023000 r--s 00002000 08:06 1324181                    /home/gareki/.m2/repository/org/apache/maven/reporting/maven-reporting-api/2.0.6/maven-reporting-api-2.0.6.jar
7f5710023000-7f5710025000 r--s 00005000 08:06 1059365                    /home/gareki/.m2/repository/org/apache/maven/plugins/maven-resources-plugin/2.5/maven-resources-plugin-2.5.jar
7f5710025000-7f5710033000 r--s 0007f000 08:06 1324125                    /home/gareki/.m2/repository/commons-collections/commons-collections/3.2.1/commons-collections-3.2.1.jar
7f5710033000-7f5710038000 r--s 00041000 08:06 1324107                    /home/gareki/.m2/repository/commons-lang/commons-lang/2.6/commons-lang-2.6.jar
7f5710038000-7f571003a000 r--s 00006000 08:06 1324112                    /home/gareki/.m2/repository/org/apache/maven/shared/maven-invoker/2.0.11/maven-invoker-2.0.11.jar
7f571003a000-7f571003c000 r--s 00006000 08:06 1324085                    /home/gareki/.m2/repository/org/apache/maven/shared/maven-common-artifact-filters/1.4/maven-common-artifact-filters-1.4.jar
7f571003c000-7f571003e000 r--s 0000c000 08:06 1324140                    /home/gareki/.m2/repository/org/apache/maven/shared/maven-dependency-tree/2.0/maven-dependency-tree-2.0.jar
7f571003e000-7f5710040000 r--s 00000000 08:06 1324137                    /home/gareki/.m2/repository/org/codehaus/plexus/plexus-component-annotations/1.5.5/plexus-component-annotations-1.5.5.jar
7f5710040000-7f5710041000 r--s 0000a000 08:06 1324129                    /home/gareki/.m2/repository/asm/asm/3.3.1/asm-3.3.1.jar
7f5710041000-7f5710043000 r--s 00005000 08:06 1324123                    /home/gareki/.m2/repository/org/apache/maven/shared/maven-dependency-analyzer/1.3/maven-dependency-analyzer-1.3.jar
7f5710043000-7f5710046000 r--s 0000c000 08:06 1324134                    /home/gareki/.m2/repository/org/codehaus/plexus/plexus-io/2.0.6/plexus-io-2.0.6.jar
7f5710046000-7f5710049000 r--s 0001b000 08:06 1324102                    /home/gareki/.m2/repository/junit/junit/3.8.1/junit-3.8.1.jar
7f5710049000-7f571004b000 r--s 00008000 08:06 1184538                    /home/gareki/.m2/repository/org/apache/maven/shared/maven-shared-io/1.1/maven-shared-io-1.1.jar
7f571004b000-7f571004d000 r--s 00008000 08:06 1184531                    /home/gareki/.m2/repository/org/apache/maven/shared/file-management/1.2.1/file-management-1.2.1.jar
7f571004d000-7f5710051000 r--s 00035000 08:06 1324122                    /home/gareki/.m2/repository/org/codehaus/plexus/plexus-utils/3.0.9/plexus-utils-3.0.9.jar
7f5710051000-7f5710056000 r--s 00029000 08:06 1324077                    /home/gareki/.m2/repository/org/codehaus/plexus/plexus-archiver/2.2/plexus-archiver-2.2.jar
7f5710056000-7f5710058000 r--s 00004000 08:06 1324117                    /home/gareki/.m2/repository/org/apache/maven/doxia/doxia-module-xhtml/1.0/doxia-module-xhtml-1.0.jar
7f5710058000-7f5710059000 r--s 00006000 08:06 1324095                    /home/gareki/.m2/repository/org/apache/maven/doxia/doxia-module-xdoc/1.0/doxia-module-xdoc-1.0.jar
7f5710059000-7f571005a000 r--s 00004000 08:06 1324103                    /home/gareki/.m2/repository/org/apache/maven/doxia/doxia-module-fml/1.0/doxia-module-fml-1.0.jar
7f571005a000-7f571005c000 r--s 0000a000 08:06 1324084                    /home/gareki/.m2/repository/org/apache/maven/doxia/doxia-module-apt/1.0/doxia-module-apt-1.0.jar
7f571005c000-7f571005d000 r--s 0000b000 08:06 1324099                    /home/gareki/.m2/repository/org/apache/maven/doxia/doxia-decoration-model/1.0/doxia-decoration-model-1.0.jar
7f571005d000-7f5710065000 r--s 00058000 08:06 1059562                    /home/gareki/.m2/repository/org/apache/velocity/velocity/1.5/velocity-1.5.jar
7f5710065000-7f5710066000 r--s 00001000 08:06 1324088                    /home/gareki/.m2/repository/org/codehaus/plexus/plexus-velocity/1.1.7/plexus-velocity-1.1.7.jar
7f5710066000-7f5710067000 r--s 00002000 08:06 1324069                    /home/gareki/.m2/repository/org/codehaus/plexus/plexus-i18n/1.0-beta-7/plexus-i18n-1.0-beta-7.jar
7f5710067000-7f5710069000 r--s 0000a000 08:06 1324118                    /home/gareki/.m2/repository/org/apache/maven/doxia/doxia-site-renderer/1.0/doxia-site-renderer-1.0.jar
7f5710069000-7f571006a000 r--s 00002000 08:06 1324104                    /home/gareki/.m2/repository/org/apache/maven/doxia/doxia-sink-api/1.0/doxia-sink-api-1.0.jar
7f571006a000-7f571006f000 r--s 00016000 08:06 1059501                    /home/gareki/.m2/repository/xml-apis/xml-apis/1.0.b2/xml-apis-1.0.b2.jar
7f571006f000-7f5710071000 r--s 0000e000 08:06 1324093                    /home/gareki/.m2/repository/oro/oro/2.0.8/oro-2.0.8.jar
7f5710071000-7f5710075000 r--s 00026000 08:06 1324097                    /home/gareki/.m2/repository/commons-digester/commons-digester/1.6/commons-digester-1.6.jar
7f5710075000-7f571007a000 r--s 0002a000 08:06 1324091                    /home/gareki/.m2/repository/commons-beanutils/commons-beanutils/1.7.0/commons-beanutils-1.7.0.jar
7f571007a000-7f571007d000 r--s 00014000 08:06 1324079                    /home/gareki/.m2/repository/commons-validator/commons-validator/1.2.0/commons-validator-1.2.0.jar
7f571007d000-7f571007e000 ---p 00000000 00:00 0 
7f571007e000-7f5710081000 ---p 00000000 00:00 0 
7f5710081000-7f571017e000 rw-p 00000000 00:00 0 
7f571017e000-7f571017f000 ---p 00000000 00:00 0 
7f571017f000-7f5710182000 ---p 00000000 00:00 0 
7f5710182000-7f571027f000 rw-p 00000000 00:00 0 
7f571027f000-7f5710282000 ---p 00000000 00:00 0 
7f5710282000-7f5714000000 rw-p 00000000 00:00 0 
7f5714000000-7f5714021000 rw-p 00000000 00:00 0 
7f5714021000-7f5718000000 ---p 00000000 00:00 0 
7f5718000000-7f5718002000 r--s 00008000 08:06 1324101                    /home/gareki/.m2/repository/commons-logging/commons-logging/1.0.4/commons-logging-1.0.4.jar
7f5718002000-7f5718005000 r--s 00018000 08:06 1324086                    /home/gareki/.m2/repository/commons-io/commons-io/1.4/commons-io-1.4.jar
7f5718005000-7f5718007000 r--s 00009000 08:06 1184534                    /home/gareki/.m2/repository/org/apache/maven/shared/maven-doxia-tools/1.0.2/maven-doxia-tools-1.0.2.jar
7f5718007000-7f571800a000 r--s 0000b000 08:06 1324071                    /home/gareki/.m2/repository/org/apache/maven/doxia/doxia-core/1.0/doxia-core-1.0.jar
7f571800a000-7f571800c000 r--s 00004000 08:06 1324068                    /home/gareki/.m2/repository/org/apache/maven/reporting/maven-reporting-impl/2.0.5/maven-reporting-impl-2.0.5.jar
7f571800c000-7f571800d000 r--s 00002000 08:06 1184526                    /home/gareki/.m2/repository/org/apache/maven/reporting/maven-reporting-api/3.0/maven-reporting-api-3.0.jar
7f571800d000-7f571800f000 r--s 00002000 08:06 1324073                    /home/gareki/.m2/repository/org/codehaus/plexus/plexus-interactivity-api/1.0-alpha-4/plexus-interactivity-api-1.0-alpha-4.jar
7f571800f000-7f5718011000 r--s 00006000 08:06 1324072                    /home/gareki/.m2/repository/commons-cli/commons-cli/1.0/commons-cli-1.0.jar
7f5718011000-7f5718014000 r--s 00021000 08:06 1059392                    /home/gareki/.m2/repository/org/apache/maven/plugins/maven-dependency-plugin/2.6/maven-dependency-plugin-2.6.jar
7f5718014000-7f5718017000 ---p 00000000 00:00 0 
7f5718017000-7f571804d000 rw-p 00000000 00:00 0 
7f571804d000-7f571804e000 r--p 00000000 00:00 0 
7f571804e000-7f5718052000 r--s 000a1000 08:06 1458714                    /usr/lib/jvm/java-8-oracle/jre/lib/jsse.jar
7f5718052000-7f5718054000 r--s 0000d000 08:06 934153                     /home/gareki/netbeans-8.2/java/maven-nblib/netbeans-eventspy.jar
7f5718054000-7f571805e000 r--s 00116000 08:06 1458725                    /usr/lib/jvm/java-8-oracle/jre/lib/ext/localedata.jar
7f571805e000-7f571807a000 r--s 00393000 08:06 1458718                    /usr/lib/jvm/java-8-oracle/jre/lib/ext/cldrdata.jar
7f571807a000-7f571807d000 r--s 00008000 08:06 934030                     /home/gareki/netbeans-8.2/java/maven/lib/maven-settings-builder-3.0.5.jar
7f571807d000-7f5718084000 r--s 0003f000 08:06 934130                     /home/gareki/netbeans-8.2/java/maven/lib/sisu-inject-bean-2.3.0.jar
7f5718084000-7f5718087000 r--s 0001d000 08:06 934157                     /home/gareki/netbeans-8.2/java/maven/lib/aether-impl-1.13.1.jar
7f5718087000-7f571808e000 r--s 0002b000 08:06 934104                     /home/gareki/netbeans-8.2/java/maven/lib/sisu-inject-plexus-2.3.0.jar
7f571808e000-7f5718090000 r--s 00006000 08:06 934001                     /home/gareki/netbeans-8.2/java/maven/lib/aether-connector-wagon-1.13.1.jar
7f5718090000-7f5718091000 r--s 00003000 08:06 934165                     /home/gareki/netbeans-8.2/java/maven/lib/aether-spi-1.13.1.jar
7f5718091000-7f5718095000 r--s 00013000 08:06 934164                     /home/gareki/netbeans-8.2/java/maven/lib/aether-api-1.13.1.jar
7f5718095000-7f5718099000 r--s 00021000 08:06 934083                     /home/gareki/netbeans-8.2/java/maven/lib/maven-model-builder-3.0.5.jar
7f5718099000-7f571809b000 r--s 0000a000 08:06 934145                     /home/gareki/netbeans-8.2/java/maven/lib/maven-settings-3.0.5.jar
7f571809b000-7f571809d000 r--s 00002000 08:06 934163                     /home/gareki/netbeans-8.2/java/maven/lib/plexus-cipher-1.7.jar
7f571809d000-7f571809f000 r--s 00006000 08:06 933935                     /home/gareki/netbeans-8.2/java/maven/lib/maven-repository-metadata-3.0.5.jar
7f571809f000-7f57180a1000 r--s 0000c000 08:06 934048                     /home/gareki/netbeans-8.2/java/maven/lib/maven-aether-provider-3.0.5.jar
7f57180a1000-7f57180a3000 r--s 0000b000 08:06 934143                     /home/gareki/netbeans-8.2/java/maven/lib/maven-artifact-3.0.5.jar
7f57180a3000-7f57180c2000 r--s 00154000 08:06 934171                     /home/gareki/netbeans-8.2/java/maven/lib/sisu-guava-0.9.9.jar
7f57180c2000-7f57180f1000 r--s 001c8000 08:06 934128                     /home/gareki/netbeans-8.2/java/maven/lib/wagon-http-2.10-shaded.jar
7f57180f1000-7f57180f4000 ---p 00000000 00:00 0 
7f57180f4000-7f57181f2000 rw-p 00000000 00:00 0 
7f57181f2000-7f57181f5000 ---p 00000000 00:00 0 
7f57181f5000-7f57182f3000 rw-p 00000000 00:00 0 
7f57182f3000-7f57182f4000 ---p 00000000 00:00 0 
7f57182f4000-7f5719000000 rw-p 00000000 00:00 0 
7f5719000000-7f5719c80000 rwxp 00000000 00:00 0 
7f5719c80000-7f5728000000 ---p 00000000 00:00 0 
7f5728000000-7f57290cd000 rw-p 00000000 00:00 0 
7f57290cd000-7f572c000000 ---p 00000000 00:00 0 
7f572c000000-7f572c001000 r--s 00002000 08:06 934131                     /home/gareki/netbeans-8.2/java/maven/lib/wagon-http-shared-2.10.jar
7f572c001000-7f572c00d000 r--s 0007d000 08:06 934170                     /home/gareki/netbeans-8.2/java/maven/lib/maven-core-3.0.5.jar
7f572c00d000-7f572c3e3000 rw-p 00000000 00:00 0 
7f572c3e3000-7f572c5bd000 r--s 03d6f000 08:06 1458657                    /usr/lib/jvm/java-8-oracle/jre/lib/rt.jar
7f572c5bd000-7f572d1fb000 rw-p 00000000 00:00 0 
7f572d1fb000-7f572d1fc000 ---p 00000000 00:00 0 
7f572d1fc000-7f572d2fc000 rw-p 00000000 00:00 0 
7f572d2fc000-7f572d2fd000 ---p 00000000 00:00 0 
7f572d2fd000-7f572d3fd000 rw-p 00000000 00:00 0 
7f572d3fd000-7f572d3fe000 ---p 00000000 00:00 0 
7f572d3fe000-7f572d4fe000 rw-p 00000000 00:00 0 
7f572d4fe000-7f572d4ff000 ---p 00000000 00:00 0 
7f572d4ff000-7f572d628000 rw-p 00000000 00:00 0 
7f572d628000-7f572d885000 ---p 00000000 00:00 0 
7f572d885000-7f572d8ae000 rw-p 00000000 00:00 0 
7f572d8ae000-7f572db0a000 ---p 00000000 00:00 0 
7f572db0a000-7f572db51000 rw-p 00000000 00:00 0 
7f572db51000-7f572dc4d000 ---p 00000000 00:00 0 
7f572dc4d000-7f572dc80000 rw-p 00000000 00:00 0 
7f572dc80000-7f572e00e000 ---p 00000000 00:00 0 
7f572e00e000-7f572e029000 r-xp 00000000 08:06 1458864                    /usr/lib/jvm/java-8-oracle/jre/lib/amd64/libzip.so
7f572e029000-7f572e228000 ---p 0001b000 08:06 1458864                    /usr/lib/jvm/java-8-oracle/jre/lib/amd64/libzip.so
7f572e228000-7f572e229000 r--p 0001a000 08:06 1458864                    /usr/lib/jvm/java-8-oracle/jre/lib/amd64/libzip.so
7f572e229000-7f572e22a000 rw-p 0001b000 08:06 1458864                    /usr/lib/jvm/java-8-oracle/jre/lib/amd64/libzip.so
7f572e22a000-7f572e235000 r-xp 00000000 08:06 921754                     /lib/x86_64-linux-gnu/libnss_files-2.27.so
7f572e235000-7f572e434000 ---p 0000b000 08:06 921754                     /lib/x86_64-linux-gnu/libnss_files-2.27.so
7f572e434000-7f572e435000 r--p 0000a000 08:06 921754                     /lib/x86_64-linux-gnu/libnss_files-2.27.so
7f572e435000-7f572e436000 rw-p 0000b000 08:06 921754                     /lib/x86_64-linux-gnu/libnss_files-2.27.so
7f572e436000-7f572e43c000 rw-p 00000000 00:00 0 
7f572e43c000-7f572e453000 r-xp 00000000 08:06 921748                     /lib/x86_64-linux-gnu/libnsl-2.27.so
7f572e453000-7f572e652000 ---p 00017000 08:06 921748                     /lib/x86_64-linux-gnu/libnsl-2.27.so
7f572e652000-7f572e653000 r--p 00016000 08:06 921748                     /lib/x86_64-linux-gnu/libnsl-2.27.so
7f572e653000-7f572e654000 rw-p 00017000 08:06 921748                     /lib/x86_64-linux-gnu/libnsl-2.27.so
7f572e654000-7f572e656000 rw-p 00000000 00:00 0 
7f572e656000-7f572e661000 r-xp 00000000 08:06 921765                     /lib/x86_64-linux-gnu/libnss_nis-2.27.so
7f572e661000-7f572e860000 ---p 0000b000 08:06 921765                     /lib/x86_64-linux-gnu/libnss_nis-2.27.so
7f572e860000-7f572e861000 r--p 0000a000 08:06 921765                     /lib/x86_64-linux-gnu/libnss_nis-2.27.so
7f572e861000-7f572e862000 rw-p 0000b000 08:06 921765                     /lib/x86_64-linux-gnu/libnss_nis-2.27.so
7f572e862000-7f572e86a000 r-xp 00000000 08:06 921750                     /lib/x86_64-linux-gnu/libnss_compat-2.27.so
7f572e86a000-7f572ea6a000 ---p 00008000 08:06 921750                     /lib/x86_64-linux-gnu/libnss_compat-2.27.so
7f572ea6a000-7f572ea6b000 r--p 00008000 08:06 921750                     /lib/x86_64-linux-gnu/libnss_compat-2.27.so
7f572ea6b000-7f572ea6c000 rw-p 00009000 08:06 921750                     /lib/x86_64-linux-gnu/libnss_compat-2.27.so
7f572ea6c000-7f572ea98000 r-xp 00000000 08:06 1458858                    /usr/lib/jvm/java-8-oracle/jre/lib/amd64/libjava.so
7f572ea98000-7f572ec98000 ---p 0002c000 08:06 1458858                    /usr/lib/jvm/java-8-oracle/jre/lib/amd64/libjava.so
7f572ec98000-7f572ec99000 r--p 0002c000 08:06 1458858                    /usr/lib/jvm/java-8-oracle/jre/lib/amd64/libjava.so
7f572ec99000-7f572ec9b000 rw-p 0002d000 08:06 1458858                    /usr/lib/jvm/java-8-oracle/jre/lib/amd64/libjava.so
7f572ec9b000-7f572eca8000 r-xp 00000000 08:06 1458863                    /usr/lib/jvm/java-8-oracle/jre/lib/amd64/libverify.so
7f572eca8000-7f572eea7000 ---p 0000d000 08:06 1458863                    /usr/lib/jvm/java-8-oracle/jre/lib/amd64/libverify.so
7f572eea7000-7f572eea9000 r--p 0000c000 08:06 1458863                    /usr/lib/jvm/java-8-oracle/jre/lib/amd64/libverify.so
7f572eea9000-7f572eeaa000 rw-p 0000e000 08:06 1458863                    /usr/lib/jvm/java-8-oracle/jre/lib/amd64/libverify.so
7f572eeaa000-7f572eeb1000 r-xp 00000000 08:06 921805                     /lib/x86_64-linux-gnu/librt-2.27.so
7f572eeb1000-7f572f0b0000 ---p 00007000 08:06 921805                     /lib/x86_64-linux-gnu/librt-2.27.so
7f572f0b0000-7f572f0b1000 r--p 00006000 08:06 921805                     /lib/x86_64-linux-gnu/librt-2.27.so
7f572f0b1000-7f572f0b2000 rw-p 00007000 08:06 921805                     /lib/x86_64-linux-gnu/librt-2.27.so
7f572f0b2000-7f572f24f000 r-xp 00000000 08:06 921727                     /lib/x86_64-linux-gnu/libm-2.27.so
7f572f24f000-7f572f44e000 ---p 0019d000 08:06 921727                     /lib/x86_64-linux-gnu/libm-2.27.so
7f572f44e000-7f572f44f000 r--p 0019c000 08:06 921727                     /lib/x86_64-linux-gnu/libm-2.27.so
7f572f44f000-7f572f450000 rw-p 0019d000 08:06 921727                     /lib/x86_64-linux-gnu/libm-2.27.so
7f572f450000-7f5730138000 r-xp 00000000 08:06 1458886                    /usr/lib/jvm/java-8-oracle/jre/lib/amd64/server/libjvm.so
7f5730138000-7f5730337000 ---p 00ce8000 08:06 1458886                    /usr/lib/jvm/java-8-oracle/jre/lib/amd64/server/libjvm.so
7f5730337000-7f57303cd000 r--p 00ce7000 08:06 1458886                    /usr/lib/jvm/java-8-oracle/jre/lib/amd64/server/libjvm.so
7f57303cd000-7f57303fe000 rw-p 00d7d000 08:06 1458886                    /usr/lib/jvm/java-8-oracle/jre/lib/amd64/server/libjvm.so
7f57303fe000-7f5730439000 rw-p 00000000 00:00 0 
7f5730439000-7f5730620000 r-xp 00000000 08:06 921664                     /lib/x86_64-linux-gnu/libc-2.27.so
7f5730620000-7f5730820000 ---p 001e7000 08:06 921664                     /lib/x86_64-linux-gnu/libc-2.27.so
7f5730820000-7f5730824000 r--p 001e7000 08:06 921664                     /lib/x86_64-linux-gnu/libc-2.27.so
7f5730824000-7f5730826000 rw-p 001eb000 08:06 921664                     /lib/x86_64-linux-gnu/libc-2.27.so
7f5730826000-7f573082a000 rw-p 00000000 00:00 0 
7f573082a000-7f573082d000 r-xp 00000000 08:06 921687                     /lib/x86_64-linux-gnu/libdl-2.27.so
7f573082d000-7f5730a2c000 ---p 00003000 08:06 921687                     /lib/x86_64-linux-gnu/libdl-2.27.so
7f5730a2c000-7f5730a2d000 r--p 00002000 08:06 921687                     /lib/x86_64-linux-gnu/libdl-2.27.so
7f5730a2d000-7f5730a2e000 rw-p 00003000 08:06 921687                     /lib/x86_64-linux-gnu/libdl-2.27.so
7f5730a2e000-7f5730a45000 r-xp 00000000 08:06 1458519                    /usr/lib/jvm/java-8-oracle/lib/amd64/jli/libjli.so
7f5730a45000-7f5730c44000 ---p 00017000 08:06 1458519                    /usr/lib/jvm/java-8-oracle/lib/amd64/jli/libjli.so
7f5730c44000-7f5730c45000 r--p 00016000 08:06 1458519                    /usr/lib/jvm/java-8-oracle/lib/amd64/jli/libjli.so
7f5730c45000-7f5730c46000 rw-p 00017000 08:06 1458519                    /usr/lib/jvm/java-8-oracle/lib/amd64/jli/libjli.so
7f5730c46000-7f5730c60000 r-xp 00000000 08:06 921797                     /lib/x86_64-linux-gnu/libpthread-2.27.so
7f5730c60000-7f5730e5f000 ---p 0001a000 08:06 921797                     /lib/x86_64-linux-gnu/libpthread-2.27.so
7f5730e5f000-7f5730e60000 r--p 00019000 08:06 921797                     /lib/x86_64-linux-gnu/libpthread-2.27.so
7f5730e60000-7f5730e61000 rw-p 0001a000 08:06 921797                     /lib/x86_64-linux-gnu/libpthread-2.27.so
7f5730e61000-7f5730e65000 rw-p 00000000 00:00 0 
7f5730e65000-7f5730e8c000 r-xp 00000000 08:06 921636                     /lib/x86_64-linux-gnu/ld-2.27.so
7f5730e8c000-7f5730e8d000 r--s 0000a000 08:06 934144                     /home/gareki/netbeans-8.2/java/maven/lib/maven-embedder-3.0.5.jar
7f5730e8d000-7f5730e8f000 r--s 00026000 08:06 934162                     /home/gareki/netbeans-8.2/java/maven/lib/maven-model-3.0.5.jar
7f5730e8f000-7f5730e91000 r--s 0000b000 08:06 934129                     /home/gareki/netbeans-8.2/java/maven/lib/maven-plugin-api-3.0.5.jar
7f5730e91000-7f5730e93000 r--s 0000d000 08:06 934085                     /home/gareki/netbeans-8.2/java/maven/lib/plexus-interpolation-1.14.jar
7f5730e93000-7f5730e97000 r--s 00033000 08:06 934156                     /home/gareki/netbeans-8.2/java/maven/lib/plexus-utils-2.0.6.jar
7f5730e97000-7f5730e99000 r--s 0000b000 08:06 934116                     /home/gareki/netbeans-8.2/java/maven/lib/wagon-provider-api-2.10.jar
7f5730e99000-7f5730ea1000 r--s 00050000 08:06 934115                     /home/gareki/netbeans-8.2/java/maven/lib/sisu-guice-3.1.0-no_aop.jar
7f5730ea1000-7f5730ea7000 r--s 0003f000 08:06 934159                     /home/gareki/netbeans-8.2/java/maven/lib/maven-compat-3.0.5.jar
7f5730ea7000-7f5730f71000 rw-p 00000000 00:00 0 
7f5730f71000-7f5730f72000 ---p 00000000 00:00 0 
7f5730f72000-7f5730f75000 ---p 00000000 00:00 0 
7f5730f75000-7f5731074000 rw-p 00000000 00:00 0 
7f5731074000-7f5731075000 r--s 00002000 08:06 934173                     /home/gareki/netbeans-8.2/java/maven/lib/wagon-file-2.10.jar
7f5731075000-7f5731076000 r--s 00006000 08:06 934084                     /home/gareki/netbeans-8.2/java/maven/lib/plexus-sec-dispatcher-1.3.jar
7f5731076000-7f5731078000 r--s 00000000 08:06 933814                     /home/gareki/netbeans-8.2/java/maven/lib/plexus-component-annotations-1.5.5.jar
7f5731078000-7f573107c000 r--s 0001c000 08:06 934158                     /home/gareki/netbeans-8.2/java/maven/lib/aether-util-1.13.1.jar
7f573107c000-7f573107e000 r--s 00009000 08:06 934174                     /home/gareki/netbeans-8.2/java/maven/lib/commons-cli-1.2.jar
7f573107e000-7f5731080000 r--s 0000a000 08:06 934118                     /home/gareki/netbeans-8.2/java/maven/boot/plexus-classworlds-2.4.jar
7f5731080000-7f5731088000 rw-s 00000000 08:06 1178559                    /tmp/hsperfdata_gareki/29012
7f5731088000-7f5731089000 rw-p 00000000 00:00 0 
7f5731089000-7f573108a000 ---p 00000000 00:00 0 
7f573108a000-7f573108c000 rw-p 00000000 00:00 0 
7f573108c000-7f573108d000 r--p 00027000 08:06 921636                     /lib/x86_64-linux-gnu/ld-2.27.so
7f573108d000-7f573108e000 rw-p 00028000 08:06 921636                     /lib/x86_64-linux-gnu/ld-2.27.so
7f573108e000-7f573108f000 rw-p 00000000 00:00 0 
7ffdf01ae000-7ffdf01cf000 rw-p 00000000 00:00 0                          [stack]
7ffdf01d9000-7ffdf01dc000 r--p 00000000 00:00 0                          [vvar]
7ffdf01dc000-7ffdf01de000 r-xp 00000000 00:00 0                          [vdso]
ffffffffff600000-ffffffffff601000 r-xp 00000000 00:00 0                  [vsyscall]

VM Arguments:
jvm_args: -Dclassworlds.conf=/home/gareki/netbeans-8.2/java/maven/bin/m2.conf -Dmaven.home=/home/gareki/netbeans-8.2/java/maven 
java_command: org.codehaus.plexus.classworlds.launcher.Launcher -Dnetbeans.deploy=true -Dmaven.ext.class.path=/home/gareki/netbeans-8.2/java/maven-nblib/netbeans-eventspy.jar package
java_class_path (initial): /home/gareki/netbeans-8.2/java/maven/boot/plexus-classworlds-2.4.jar
Launcher Type: SUN_STANDARD

Environment Variables:
JAVA_HOME=/usr/lib/jvm/java-8-oracle
PATH=/home/gareki/pintos/src/utils:/usr/local/sbin:/usr/local/bin:/usr/sbin:/usr/bin:/sbin:/bin:/usr/games:/usr/local/games:/snap/bin:/usr/lib/jvm/java-8-oracle/bin:/usr/lib/jvm/java-8-oracle/db/bin:/usr/lib/jvm/java-8-oracle/jre/bin
USERNAME=gareki
LD_LIBRARY_PATH=/usr/lib/jvm/java-8-oracle/jre/lib/amd64:/usr/lib/jvm/java-8-oracle/jre/lib/i386:
SHELL=/bin/bash
DISPLAY=:0

Signal Handlers:
SIGSEGV: [libjvm.so+0xad3e60], sa_mask[0]=11111111011111111101111111111110, sa_flags=SA_RESTART|SA_SIGINFO
SIGBUS: [libjvm.so+0xad3e60], sa_mask[0]=11111111011111111101111111111110, sa_flags=SA_RESTART|SA_SIGINFO
SIGFPE: [libjvm.so+0x90b880], sa_mask[0]=11111111011111111101111111111110, sa_flags=SA_RESTART|SA_SIGINFO
SIGPIPE: [libjvm.so+0x90b880], sa_mask[0]=11111111011111111101111111111110, sa_flags=SA_RESTART|SA_SIGINFO
SIGXFSZ: [libjvm.so+0x90b880], sa_mask[0]=11111111011111111101111111111110, sa_flags=SA_RESTART|SA_SIGINFO
SIGILL: [libjvm.so+0x90b880], sa_mask[0]=11111111011111111101111111111110, sa_flags=SA_RESTART|SA_SIGINFO
SIGUSR1: SIG_DFL, sa_mask[0]=00000000000000000000000000000000, sa_flags=none
SIGUSR2: [libjvm.so+0x90b750], sa_mask[0]=00100000000000000000000000000000, sa_flags=SA_RESTART|SA_SIGINFO
SIGHUP: [libjvm.so+0x90bd70], sa_mask[0]=11111111011111111101111111111110, sa_flags=SA_RESTART|SA_SIGINFO
SIGINT: SIG_IGN, sa_mask[0]=00000000000000000000000000000000, sa_flags=none
SIGTERM: [libjvm.so+0x90bd70], sa_mask[0]=11111111011111111101111111111110, sa_flags=SA_RESTART|SA_SIGINFO
SIGQUIT: [libjvm.so+0x90bd70], sa_mask[0]=11111111011111111101111111111110, sa_flags=SA_RESTART|SA_SIGINFO


---------------  S Y S T E M  ---------------

OS:DISTRIB_ID=Ubuntu
DISTRIB_RELEASE=18.04
DISTRIB_CODENAME=bionic
DISTRIB_DESCRIPTION="Ubuntu 18.04.2 LTS"

uname:Linux 4.18.0-20-generic #21~18.04.1-Ubuntu SMP Wed May 8 08:43:37 UTC 2019 x86_64
libc:glibc 2.27 NPTL 2.27 
rlimit: STACK 8192k, CORE 0k, NPROC 30638, NOFILE 1048576, AS infinity
load average:1.83 1.26 1.16

/proc/meminfo:
MemTotal:        7921968 kB
MemFree:          124240 kB
MemAvailable:      50452 kB
Buffers:           13920 kB
Cached:           347184 kB
SwapCached:         5068 kB
Active:          6558228 kB
Inactive:         954544 kB
Active(anon):    6514404 kB
Inactive(anon):   912092 kB
Active(file):      43824 kB
Inactive(file):    42452 kB
Unevictable:          32 kB
Mlocked:              32 kB
SwapTotal:       1224736 kB
SwapFree:              0 kB
Dirty:               108 kB
Writeback:            32 kB
AnonPages:       7146952 kB
Mapped:           186028 kB
Shmem:            274872 kB
Slab:             117952 kB
SReclaimable:      46492 kB
SUnreclaim:        71460 kB
KernelStack:       17904 kB
PageTables:        82672 kB
NFS_Unstable:          0 kB
Bounce:                0 kB
WritebackTmp:          0 kB
CommitLimit:     5185720 kB
Committed_AS:   14000600 kB
VmallocTotal:   34359738367 kB
VmallocUsed:           0 kB
VmallocChunk:          0 kB
HardwareCorrupted:     0 kB
AnonHugePages:         0 kB
ShmemHugePages:        0 kB
ShmemPmdMapped:        0 kB
CmaTotal:              0 kB
CmaFree:               0 kB
HugePages_Total:       0
HugePages_Free:        0
HugePages_Rsvd:        0
HugePages_Surp:        0
Hugepagesize:       2048 kB
Hugetlb:               0 kB
DirectMap4k:      239156 kB
DirectMap2M:     7901184 kB
DirectMap1G:           0 kB

container (cgroup) information:
container_type: cgroupv1
cpu_cpuset_cpus: 0-3
cpu_memory_nodes: 0
active_processor_count: 4
cpu_quota: -1
cpu_period: 100000
cpu_shares: -1
memory_limit_in_bytes: -1
memory_and_swap_limit_in_bytes: -2
memory_soft_limit_in_bytes: -1
memory_usage_in_bytes: 7690842112
memory_max_usage_in_bytes: 0


CPU:total 4 (initial active 4) (2 cores per cpu, 2 threads per core) family 6 model 142 stepping 9, cmov, cx8, fxsr, mmx, sse, sse2, sse3, ssse3, sse4.1, sse4.2, popcnt, avx, avx2, aes, clmul, erms, 3dnowpref, lzcnt, ht, tsc, tscinvbit, bmi1, bmi2, adx

/proc/cpuinfo:
processor	: 0
vendor_id	: GenuineIntel
cpu family	: 6
model		: 142
model name	: Intel(R) Core(TM) i5-7200U CPU @ 2.50GHz
stepping	: 9
microcode	: 0xb4
cpu MHz		: 3100.000
cache size	: 3072 KB
physical id	: 0
siblings	: 4
core id		: 0
cpu cores	: 2
apicid		: 0
initial apicid	: 0
fpu		: yes
fpu_exception	: yes
cpuid level	: 22
wp		: yes
flags		: fpu vme de pse tsc msr pae mce cx8 apic sep mtrr pge mca cmov pat pse36 clflush dts acpi mmx fxsr sse sse2 ss ht tm pbe syscall nx pdpe1gb rdtscp lm constant_tsc art arch_perfmon pebs bts rep_good nopl xtopology nonstop_tsc cpuid aperfmperf tsc_known_freq pni pclmulqdq dtes64 monitor ds_cpl vmx est tm2 ssse3 sdbg fma cx16 xtpr pdcm pcid sse4_1 sse4_2 x2apic movbe popcnt tsc_deadline_timer aes xsave avx f16c rdrand lahf_lm abm 3dnowprefetch cpuid_fault epb invpcid_single pti ssbd ibrs ibpb stibp tpr_shadow vnmi flexpriority ept vpid fsgsbase tsc_adjust bmi1 avx2 smep bmi2 erms invpcid mpx rdseed adx smap clflushopt intel_pt xsaveopt xsavec xgetbv1 xsaves dtherm ida arat pln pts hwp hwp_notify hwp_act_window hwp_epp md_clear flush_l1d
bugs		: cpu_meltdown spectre_v1 spectre_v2 spec_store_bypass l1tf mds
bogomips	: 5424.00
clflush size	: 64
cache_alignment	: 64
address sizes	: 39 bits physical, 48 bits virtual
power management:

processor	: 1
vendor_id	: GenuineIntel
cpu family	: 6
model		: 142
model name	: Intel(R) Core(TM) i5-7200U CPU @ 2.50GHz
stepping	: 9
microcode	: 0xb4
cpu MHz		: 3100.001
cache size	: 3072 KB
physical id	: 0
siblings	: 4
core id		: 1
cpu cores	: 2
apicid		: 2
initial apicid	: 2
fpu		: yes
fpu_exception	: yes
cpuid level	: 22
wp		: yes
flags		: fpu vme de pse tsc msr pae mce cx8 apic sep mtrr pge mca cmov pat pse36 clflush dts acpi mmx fxsr sse sse2 ss ht tm pbe syscall nx pdpe1gb rdtscp lm constant_tsc art arch_perfmon pebs bts rep_good nopl xtopology nonstop_tsc cpuid aperfmperf tsc_known_freq pni pclmulqdq dtes64 monitor ds_cpl vmx est tm2 ssse3 sdbg fma cx16 xtpr pdcm pcid sse4_1 sse4_2 x2apic movbe popcnt tsc_deadline_timer aes xsave avx f16c rdrand lahf_lm abm 3dnowprefetch cpuid_fault epb invpcid_single pti ssbd ibrs ibpb stibp tpr_shadow vnmi flexpriority ept vpid fsgsbase tsc_adjust bmi1 avx2 smep bmi2 erms invpcid mpx rdseed adx smap clflushopt intel_pt xsaveopt xsavec xgetbv1 xsaves dtherm ida arat pln pts hwp hwp_notify hwp_act_window hwp_epp md_clear flush_l1d
bugs		: cpu_meltdown spectre_v1 spectre_v2 spec_store_bypass l1tf mds
bogomips	: 5424.00
clflush size	: 64
cache_alignment	: 64
address sizes	: 39 bits physical, 48 bits virtual
power management:

processor	: 2
vendor_id	: GenuineIntel
cpu family	: 6
model		: 142
model name	: Intel(R) Core(TM) i5-7200U CPU @ 2.50GHz
stepping	: 9
microcode	: 0xb4
cpu MHz		: 3099.986
cache size	: 3072 KB
physical id	: 0
siblings	: 4
core id		: 0
cpu cores	: 2
apicid		: 1
initial apicid	: 1
fpu		: yes
fpu_exception	: yes
cpuid level	: 22
wp		: yes
flags		: fpu vme de pse tsc msr pae mce cx8 apic sep mtrr pge mca cmov pat pse36 clflush dts acpi mmx fxsr sse sse2 ss ht tm pbe syscall nx pdpe1gb rdtscp lm constant_tsc art arch_perfmon pebs bts rep_good nopl xtopology nonstop_tsc cpuid aperfmperf tsc_known_freq pni pclmulqdq dtes64 monitor ds_cpl vmx est tm2 ssse3 sdbg fma cx16 xtpr pdcm pcid sse4_1 sse4_2 x2apic movbe popcnt tsc_deadline_timer aes xsave avx f16c rdrand lahf_lm abm 3dnowprefetch cpuid_fault epb invpcid_single pti ssbd ibrs ibpb stibp tpr_shadow vnmi flexpriority ept vpid fsgsbase tsc_adjust bmi1 avx2 smep bmi2 erms invpcid mpx rdseed adx smap clflushopt intel_pt xsaveopt xsavec xgetbv1 xsaves dtherm ida arat pln pts hwp hwp_notify hwp_act_window hwp_epp md_clear flush_l1d
bugs		: cpu_meltdown spectre_v1 spectre_v2 spec_store_bypass l1tf mds
bogomips	: 5424.00
clflush size	: 64
cache_alignment	: 64
address sizes	: 39 bits physical, 48 bits virtual
power management:

processor	: 3
vendor_id	: GenuineIntel
cpu family	: 6
model		: 142
model name	: Intel(R) Core(TM) i5-7200U CPU @ 2.50GHz
stepping	: 9
microcode	: 0xb4
cpu MHz		: 3099.999
cache size	: 3072 KB
physical id	: 0
siblings	: 4
core id		: 1
cpu cores	: 2
apicid		: 3
initial apicid	: 3
fpu		: yes
fpu_exception	: yes
cpuid level	: 22
wp		: yes
flags		: fpu vme de pse tsc msr pae mce cx8 apic sep mtrr pge mca cmov pat pse36 clflush dts acpi mmx fxsr sse sse2 ss ht tm pbe syscall nx pdpe1gb rdtscp lm constant_tsc art arch_perfmon pebs bts rep_good nopl xtopology nonstop_tsc cpuid aperfmperf tsc_known_freq pni pclmulqdq dtes64 monitor ds_cpl vmx est tm2 ssse3 sdbg fma cx16 xtpr pdcm pcid sse4_1 sse4_2 x2apic movbe popcnt tsc_deadline_timer aes xsave avx f16c rdrand lahf_lm abm 3dnowprefetch cpuid_fault epb invpcid_single pti ssbd ibrs ibpb stibp tpr_shadow vnmi flexpriority ept vpid fsgsbase tsc_adjust bmi1 avx2 smep bmi2 erms invpcid mpx rdseed adx smap clflushopt intel_pt xsaveopt xsavec xgetbv1 xsaves dtherm ida arat pln pts hwp hwp_notify hwp_act_window hwp_epp md_clear flush_l1d
bugs		: cpu_meltdown spectre_v1 spectre_v2 spec_store_bypass l1tf mds
bogomips	: 5424.00
clflush size	: 64
cache_alignment	: 64
address sizes	: 39 bits physical, 48 bits virtual
power management:



Memory: 4k page, physical 7921968k(125652k free), swap 1224736k(0k free)

vm_info: Java HotSpot(TM) 64-Bit Server VM (25.201-b09) for linux-amd64 JRE (1.8.0_201-b09), built on Dec 15 2018 11:35:59 by "java_re" with gcc 7.3.0

time: Thu May 30 10:25:27 2019
timezone: CDT
elapsed time: 3 seconds (0d 0h 0m 3s)

